[ 2023-08-14 16:15:41,871 ] 15 root - INFO - >>>>>>>>>>>>>>>>>>>>>>>>>>>>>>>>>>>>>>>> Data Ingestion <<<<<<<<<<<<<<<<<<<<<<<<<<<<<<<<<<<<<<<<
[ 2023-08-14 16:15:41,871 ] 22 root - INFO - Exporting collection data as pandas dataframe
[ 2023-08-14 16:15:41,871 ] 21 root - INFO - Reading data from database: Logistic and collection: shipping_data
[ 2023-08-14 16:15:51,784 ] 23 root - INFO - Found columns: Index(['_id', 'ID', 'Project Code', 'PQ #', 'PO / SO #', 'ASN/DN #', 'Country',
       'Managed By', 'Fulfill Via', 'Vendor INCO Term', 'Shipment Mode',
       'PQ First Sent to Client Date', 'PO Sent to Vendor Date',
       'Scheduled Delivery Date', 'Delivered to Client Date',
       'Delivery Recorded Date', 'Product Group', 'Sub Classification',
       'Vendor', 'Item Description', 'Molecule/Test Type', 'Brand', 'Dosage',
       'Dosage Form', 'Unit of Measure (Per Pack)', 'Line Item Quantity',
       'Line Item Value', 'Pack Price', 'Unit Price', 'Manufacturing Site',
       'First Line Designation', 'Weight (Kilograms)', 'Freight Cost (USD)',
       'Line Item Insurance (USD)'],
      dtype='object')
[ 2023-08-14 16:15:51,785 ] 25 root - INFO - Dropping column: _id 
[ 2023-08-14 16:15:51,815 ] 27 root - INFO - Row and columns in df: (10324, 33)
[ 2023-08-14 16:15:51,816 ] 28 root - INFO - Replacing column space by underscore
[ 2023-08-14 16:15:51,859 ] 31 root - INFO - Columns in dataframe : Index(['ID', 'Project_Code', 'PQ_#', 'PO_/_SO_#', 'ASN/DN_#', 'Country',
       'Managed_By', 'Fulfill_Via', 'Vendor_INCO_Term', 'Shipment_Mode',
       'PQ_First_Sent_to_Client_Date', 'PO_Sent_to_Vendor_Date',
       'Scheduled_Delivery_Date', 'Delivered_to_Client_Date',
       'Delivery_Recorded_Date', 'Product_Group', 'Sub_Classification',
       'Vendor', 'Item_Description', 'Molecule/Test_Type', 'Brand', 'Dosage',
       'Dosage_Form', 'Unit_of_Measure_(Per_Pack)', 'Line_Item_Quantity',
       'Line_Item_Value', 'Pack_Price', 'Unit_Price', 'Manufacturing_Site',
       'First_Line_Designation', 'Weight_(Kilograms)', 'Freight_Cost_(USD)',
       'Line_Item_Insurance_(USD)'],
      dtype='object')
[ 2023-08-14 16:15:51,860 ] 32 root - INFO - >>>>>>>>>>>>>>>>>>>>>>>>>>>>>>>>>>>>>>>>*<<<<<<<<<<<<<<<<<<<<<<<<<<<<<<<<<<<<<<<<
[ 2023-08-14 16:15:51,861 ] 34 root - INFO -  ID : int64
[ 2023-08-14 16:15:51,861 ] 34 root - INFO -  Project_Code : object
[ 2023-08-14 16:15:51,862 ] 34 root - INFO -  PQ_# : object
[ 2023-08-14 16:15:51,862 ] 34 root - INFO -  PO_/_SO_# : object
[ 2023-08-14 16:15:51,863 ] 34 root - INFO -  ASN/DN_# : object
[ 2023-08-14 16:15:51,863 ] 34 root - INFO -  Country : object
[ 2023-08-14 16:15:51,863 ] 34 root - INFO -  Managed_By : object
[ 2023-08-14 16:15:51,864 ] 34 root - INFO -  Fulfill_Via : object
[ 2023-08-14 16:15:51,867 ] 34 root - INFO -  Vendor_INCO_Term : object
[ 2023-08-14 16:15:51,868 ] 34 root - INFO -  Shipment_Mode : object
[ 2023-08-14 16:15:51,869 ] 34 root - INFO -  PQ_First_Sent_to_Client_Date : object
[ 2023-08-14 16:15:51,870 ] 34 root - INFO -  PO_Sent_to_Vendor_Date : object
[ 2023-08-14 16:15:51,872 ] 34 root - INFO -  Scheduled_Delivery_Date : object
[ 2023-08-14 16:15:51,874 ] 34 root - INFO -  Delivered_to_Client_Date : object
[ 2023-08-14 16:15:51,875 ] 34 root - INFO -  Delivery_Recorded_Date : object
[ 2023-08-14 16:15:51,876 ] 34 root - INFO -  Product_Group : object
[ 2023-08-14 16:15:51,877 ] 34 root - INFO -  Sub_Classification : object
[ 2023-08-14 16:15:51,878 ] 34 root - INFO -  Vendor : object
[ 2023-08-14 16:15:51,878 ] 34 root - INFO -  Item_Description : object
[ 2023-08-14 16:15:51,879 ] 34 root - INFO -  Molecule/Test_Type : object
[ 2023-08-14 16:15:51,879 ] 34 root - INFO -  Brand : object
[ 2023-08-14 16:15:51,879 ] 34 root - INFO -  Dosage : object
[ 2023-08-14 16:15:51,880 ] 34 root - INFO -  Dosage_Form : object
[ 2023-08-14 16:15:51,880 ] 34 root - INFO -  Unit_of_Measure_(Per_Pack) : int64
[ 2023-08-14 16:15:51,881 ] 34 root - INFO -  Line_Item_Quantity : int64
[ 2023-08-14 16:15:51,881 ] 34 root - INFO -  Line_Item_Value : float64
[ 2023-08-14 16:15:51,882 ] 34 root - INFO -  Pack_Price : float64
[ 2023-08-14 16:15:51,882 ] 34 root - INFO -  Unit_Price : float64
[ 2023-08-14 16:15:51,894 ] 34 root - INFO -  Manufacturing_Site : object
[ 2023-08-14 16:15:51,895 ] 34 root - INFO -  First_Line_Designation : object
[ 2023-08-14 16:15:51,895 ] 34 root - INFO -  Weight_(Kilograms) : object
[ 2023-08-14 16:15:51,896 ] 34 root - INFO -  Freight_Cost_(USD) : object
[ 2023-08-14 16:15:51,896 ] 34 root - INFO -  Line_Item_Insurance_(USD) : float64
[ 2023-08-14 16:15:51,896 ] 36 root - INFO - Reordering column ASN/DN and PO_/_SO_# since it contain two values
[ 2023-08-14 16:15:51,939 ] 40 root - INFO - Converting PQ_First_Sent_to_Client_Date column into Date format
[ 2023-08-14 16:15:52,522 ] 46 root - INFO - Applying date transformation on date columns to change datatype from object to date
[ 2023-08-14 16:16:01,235 ] 51 root - INFO - Applying weight value filling to column
[ 2023-08-14 16:16:01,369 ] 57 root - INFO - from columns Delivery_Recorded_Date and PQ_First_Sent_to_Client_Date making new column days_to_process
[ 2023-08-14 16:16:01,375 ] 62 root - INFO -  ID : int64
[ 2023-08-14 16:16:01,375 ] 62 root - INFO -  Project_Code : object
[ 2023-08-14 16:16:01,375 ] 62 root - INFO -  PQ_# : object
[ 2023-08-14 16:16:01,376 ] 62 root - INFO -  PO_/_SO_# : object
[ 2023-08-14 16:16:01,380 ] 62 root - INFO -  ASN/DN_# : object
[ 2023-08-14 16:16:01,380 ] 62 root - INFO -  Country : object
[ 2023-08-14 16:16:01,381 ] 62 root - INFO -  Managed_By : object
[ 2023-08-14 16:16:01,381 ] 62 root - INFO -  Fulfill_Via : object
[ 2023-08-14 16:16:01,381 ] 62 root - INFO -  Vendor_INCO_Term : object
[ 2023-08-14 16:16:01,382 ] 62 root - INFO -  Shipment_Mode : object
[ 2023-08-14 16:16:01,382 ] 62 root - INFO -  PQ_First_Sent_to_Client_Date : datetime64[ns]
[ 2023-08-14 16:16:01,382 ] 62 root - INFO -  PO_Sent_to_Vendor_Date : object
[ 2023-08-14 16:16:01,383 ] 62 root - INFO -  Scheduled_Delivery_Date : datetime64[ns]
[ 2023-08-14 16:16:01,383 ] 62 root - INFO -  Delivered_to_Client_Date : datetime64[ns]
[ 2023-08-14 16:16:01,384 ] 62 root - INFO -  Delivery_Recorded_Date : datetime64[ns]
[ 2023-08-14 16:16:01,384 ] 62 root - INFO -  Product_Group : object
[ 2023-08-14 16:16:01,384 ] 62 root - INFO -  Sub_Classification : object
[ 2023-08-14 16:16:01,385 ] 62 root - INFO -  Vendor : object
[ 2023-08-14 16:16:01,385 ] 62 root - INFO -  Item_Description : object
[ 2023-08-14 16:16:01,385 ] 62 root - INFO -  Molecule/Test_Type : object
[ 2023-08-14 16:16:01,385 ] 62 root - INFO -  Brand : object
[ 2023-08-14 16:16:01,386 ] 62 root - INFO -  Dosage : object
[ 2023-08-14 16:16:01,386 ] 62 root - INFO -  Dosage_Form : object
[ 2023-08-14 16:16:01,386 ] 62 root - INFO -  Unit_of_Measure_(Per_Pack) : int64
[ 2023-08-14 16:16:01,386 ] 62 root - INFO -  Line_Item_Quantity : int64
[ 2023-08-14 16:16:01,387 ] 62 root - INFO -  Line_Item_Value : float64
[ 2023-08-14 16:16:01,387 ] 62 root - INFO -  Pack_Price : float64
[ 2023-08-14 16:16:01,387 ] 62 root - INFO -  Unit_Price : float64
[ 2023-08-14 16:16:01,387 ] 62 root - INFO -  Manufacturing_Site : object
[ 2023-08-14 16:16:01,388 ] 62 root - INFO -  First_Line_Designation : object
[ 2023-08-14 16:16:01,388 ] 62 root - INFO -  Weight_(Kilograms) : float64
[ 2023-08-14 16:16:01,388 ] 62 root - INFO -  Freight_Cost_(USD) : float64
[ 2023-08-14 16:16:01,388 ] 62 root - INFO -  Line_Item_Insurance_(USD) : float64
[ 2023-08-14 16:16:01,388 ] 62 root - INFO -  Days_to_Process : int64
[ 2023-08-14 16:16:01,389 ] 28 root - INFO - Save data in feature store
[ 2023-08-14 16:16:01,479 ] 32 root - INFO - Any duplicate records:0
[ 2023-08-14 16:16:01,479 ] 35 root - INFO - Dropping duplicate record
[ 2023-08-14 16:16:01,582 ] 38 root - INFO -  Rechecking any duplicate record or not
[ 2023-08-14 16:16:01,645 ] 39 root - INFO - Duplicate record :0
[ 2023-08-14 16:16:01,645 ] 42 root - INFO - Checking missing value records in dataframe
[ 2023-08-14 16:16:01,672 ] 43 root - INFO - Missing Records:Freight_Cost_(USD)              2445
Dosage                          1736
Weight_(Kilograms)              1507
Shipment_Mode                    360
Line_Item_Insurance_(USD)        287
ID                                 0
Line_Item_Quantity                 0
Brand                              0
Dosage_Form                        0
Unit_of_Measure_(Per_Pack)         0
Pack_Price                         0
Line_Item_Value                    0
Item_Description                   0
Unit_Price                         0
Manufacturing_Site                 0
First_Line_Designation             0
Molecule/Test_Type                 0
Vendor                             0
Project_Code                       0
Sub_Classification                 0
Product_Group                      0
Delivery_Recorded_Date             0
Delivered_to_Client_Date           0
Scheduled_Delivery_Date            0
PO_Sent_to_Vendor_Date             0
PQ_First_Sent_to_Client_Date       0
Vendor_INCO_Term                   0
Fulfill_Via                        0
Managed_By                         0
Country                            0
ASN/DN_#                           0
PO_/_SO_#                          0
PQ_#                               0
Days_to_Process                    0
dtype: int64
[ 2023-08-14 16:16:01,673 ] 45 root - INFO - Create feature store folder if not available
[ 2023-08-14 16:16:01,694 ] 49 root - INFO - Save df to feature store folder
[ 2023-08-14 16:16:02,059 ] 55 root - INFO - split dataset into train and test set
[ 2023-08-14 16:16:02,073 ] 59 root - INFO - create dataset directory folder if not available
[ 2023-08-14 16:16:02,074 ] 64 root - INFO - Save df to feature store folder
[ 2023-08-14 16:16:02,496 ] 78 root - INFO - Data ingestion artifact: DataIngestionArtifact(feature_store_file_path='F:\\Shipping_Pricing_Prediction\\artifact\\08142023__161541\\data_ingestion\\feature_store\\SCMS_Delivery_History_Dataset.csv', train_file_path='F:\\Shipping_Pricing_Prediction\\artifact\\08142023__161541\\data_ingestion\\dataset\\train.csv', test_file_path='F:\\Shipping_Pricing_Prediction\\artifact\\08142023__161541\\data_ingestion\\dataset\\test.csv')
