[2023-09-04 18:15:49,903] 15 root - INFO - >>>>>>>>>>>>>>>>>>>>>>>>>>>>>>>>>>>>>>>> Data Ingestion <<<<<<<<<<<<<<<<<<<<<<<<<<<<<<<<<<<<<<<<
[2023-09-04 18:15:49,903] 23 root - INFO - Exporting collection data as pandas dataframe
[2023-09-04 18:15:49,904] 28 root - INFO - Reading data from database: clean_Logistic and collection: clean_shipping_data
[2023-09-04 18:16:16,783] 32 root - INFO - Dropping column: _id
[2023-09-04 18:16:16,803] 34 root - INFO - Columns in dataframe : Index(['ID', 'Project_Code', 'PQ', 'PO_SO', 'ASN_DN', 'Country', 'Managed_By',
       'Fulfill_Via', 'Vendor_INCO_Term', 'Shipment_Mode',
       'PQ_First_Sent_to_Client_Date', 'PO_Sent_to_Vendor_Date',
       'Scheduled_Delivery_Date', 'Delivered_to_Client_Date',
       'Delivery_Recorded_Date', 'Product_Group', 'Sub_Classification',
       'Vendor', 'Item_Description', 'Molecule/Test_Type', 'Brand', 'Dosage',
       'Dosage_Form', 'Unit_of_Measure_Per_Pack', 'Line_Item_Quantity',
       'Line_Item_Value', 'Pack_Price', 'Unit_Price', 'Manufacturing_Site',
       'First_Line_Designation', 'Weight_Kilograms', 'Freight_Cost_USD',
       'Line_Item_Insurance_USD', 'Days_to_Process'],
      dtype='object')
[2023-09-04 18:16:16,805] 35 root - INFO - >>>>>>>>>>>>>>>>>>>>>>>>>>>>>>>>>>>>>>>>*<<<<<<<<<<<<<<<<<<<<<<<<<<<<<<<<<<<<<<<<
[2023-09-04 18:16:16,805] 37 root - INFO -  ID : int64
[2023-09-04 18:16:16,805] 37 root - INFO -  Project_Code : object
[2023-09-04 18:16:16,806] 37 root - INFO -  PQ : object
[2023-09-04 18:16:16,806] 37 root - INFO -  PO_SO : object
[2023-09-04 18:16:16,806] 37 root - INFO -  ASN_DN : object
[2023-09-04 18:16:16,806] 37 root - INFO -  Country : object
[2023-09-04 18:16:16,806] 37 root - INFO -  Managed_By : object
[2023-09-04 18:16:16,807] 37 root - INFO -  Fulfill_Via : object
[2023-09-04 18:16:16,807] 37 root - INFO -  Vendor_INCO_Term : object
[2023-09-04 18:16:16,807] 37 root - INFO -  Shipment_Mode : object
[2023-09-04 18:16:16,807] 37 root - INFO -  PQ_First_Sent_to_Client_Date : object
[2023-09-04 18:16:16,807] 37 root - INFO -  PO_Sent_to_Vendor_Date : object
[2023-09-04 18:16:16,808] 37 root - INFO -  Scheduled_Delivery_Date : object
[2023-09-04 18:16:16,808] 37 root - INFO -  Delivered_to_Client_Date : object
[2023-09-04 18:16:16,808] 37 root - INFO -  Delivery_Recorded_Date : object
[2023-09-04 18:16:16,808] 37 root - INFO -  Product_Group : object
[2023-09-04 18:16:16,808] 37 root - INFO -  Sub_Classification : object
[2023-09-04 18:16:16,809] 37 root - INFO -  Vendor : object
[2023-09-04 18:16:16,809] 37 root - INFO -  Item_Description : object
[2023-09-04 18:16:16,809] 37 root - INFO -  Molecule/Test_Type : object
[2023-09-04 18:16:16,810] 37 root - INFO -  Brand : object
[2023-09-04 18:16:16,810] 37 root - INFO -  Dosage : object
[2023-09-04 18:16:16,810] 37 root - INFO -  Dosage_Form : object
[2023-09-04 18:16:16,811] 37 root - INFO -  Unit_of_Measure_Per_Pack : int64
[2023-09-04 18:16:16,811] 37 root - INFO -  Line_Item_Quantity : int64
[2023-09-04 18:16:16,811] 37 root - INFO -  Line_Item_Value : float64
[2023-09-04 18:16:16,811] 37 root - INFO -  Pack_Price : float64
[2023-09-04 18:16:16,811] 37 root - INFO -  Unit_Price : float64
[2023-09-04 18:16:16,812] 37 root - INFO -  Manufacturing_Site : object
[2023-09-04 18:16:16,812] 37 root - INFO -  First_Line_Designation : object
[2023-09-04 18:16:16,812] 37 root - INFO -  Weight_Kilograms : float64
[2023-09-04 18:16:16,812] 37 root - INFO -  Freight_Cost_USD : float64
[2023-09-04 18:16:16,812] 37 root - INFO -  Line_Item_Insurance_USD : float64
[2023-09-04 18:16:16,813] 37 root - INFO -  Days_to_Process : int64
[2023-09-04 18:16:16,813] 29 root - INFO -  Shape of df (10324, 34)
[2023-09-04 18:16:16,813] 31 root - INFO - Save data in feature store
[2023-09-04 18:16:16,884] 34 root - INFO - Any duplicate records:0
[2023-09-04 18:16:16,884] 37 root - INFO - Dropping duplicate record
[2023-09-04 18:16:16,967] 40 root - INFO -  Rechecking any duplicate record or not
[2023-09-04 18:16:17,040] 41 root - INFO - Duplicate record :0
[2023-09-04 18:16:17,073] 44 root - INFO - Any missing value inside datasetFreight_Cost_USD                2445
Dosage                          1736
Weight_Kilograms                1507
Shipment_Mode                    360
Line_Item_Insurance_USD          287
ID                                 0
Line_Item_Quantity                 0
Brand                              0
Dosage_Form                        0
Unit_of_Measure_Per_Pack           0
Pack_Price                         0
Line_Item_Value                    0
Item_Description                   0
Unit_Price                         0
Manufacturing_Site                 0
First_Line_Designation             0
Molecule/Test_Type                 0
Vendor                             0
Project_Code                       0
Sub_Classification                 0
Product_Group                      0
Delivery_Recorded_Date             0
Delivered_to_Client_Date           0
Scheduled_Delivery_Date            0
PO_Sent_to_Vendor_Date             0
PQ_First_Sent_to_Client_Date       0
Vendor_INCO_Term                   0
Fulfill_Via                        0
Managed_By                         0
Country                            0
ASN_DN                             0
PO_SO                              0
PQ                                 0
Days_to_Process                    0
dtype: int64
[2023-09-04 18:16:17,074] 46 root - INFO - Create feature store folder if not available
[2023-09-04 18:16:17,083] 50 root - INFO - Save df to feature store folder
[2023-09-04 18:16:17,395] 54 root - INFO - base df shape-->(10324, 34)
[2023-09-04 18:16:17,396] 56 root - INFO - split dataset into train and test set
[2023-09-04 18:16:17,410] 60 root - INFO - create dataset directory folder if not available
[2023-09-04 18:16:17,411] 65 root - INFO - Save df to feature store folder
[2023-09-04 18:16:17,748] 70 root - INFO - train df shape--->(8259, 34)
[2023-09-04 18:16:17,748] 72 root - INFO - test df shape-->(2065, 34)
[2023-09-04 18:16:17,748] 79 root - INFO - Data ingestion artifact: DataIngestionArtifact(feature_store_file_path='F:\\Shipping_Pricing_Prediction\\artifact\\09042023__181549\\data_ingestion\\feature_store\\clean_SCMS_Delivery_History_Dataset.csv', train_file_path='F:\\Shipping_Pricing_Prediction\\artifact\\09042023__181549\\data_ingestion\\dataset\\train.csv', test_file_path='F:\\Shipping_Pricing_Prediction\\artifact\\09042023__181549\\data_ingestion\\dataset\\test.csv')
[2023-09-04 18:16:17,787] 23 root - INFO - >>>>>>>>>>>>>>>>>>>>>>>>>>>>>>>>>>>>>>>> Data Validation <<<<<<<<<<<<<<<<<<<<<<<<<<<<<<<<<<<<<<<<
[2023-09-04 18:16:17,787] 162 root - INFO - Reading base dataframe
[2023-09-04 18:16:17,935] 164 root - INFO - base_df shape-->(10324, 34)
[2023-09-04 18:16:17,935] 166 root - INFO - Reading train dataframe
[2023-09-04 18:16:18,044] 168 root - INFO - train_df shape-->(8259, 34)
[2023-09-04 18:16:18,045] 170 root - INFO - Reading test data frame
[2023-09-04 18:16:18,077] 172 root - INFO - test_df shape-->(2065, 34)
[2023-09-04 18:16:18,169] 174 root - INFO - Any duplicate records inside base_df ,train_df,test_df(0, 0, 0)
[2023-09-04 18:16:18,169] 177 root - INFO - Dropping duplicate from base_df ,train_df,test_df
[2023-09-04 18:16:18,264] 182 root - INFO - After dropping duplicate 
[2023-09-04 18:16:18,358] 183 root - INFO - Duplicate count in base_df,train_df,test_df-->(0, 0, 0)
[2023-09-04 18:16:18,358] 36 root - INFO -  Columns to drop :['ID', 'Project_Code', 'PQ', 'Managed_By', 'PO_Sent_to_Vendor_Date', 'Product_Group', 'Scheduled_Delivery_Date', 'Delivered_to_Client_Date', 'Delivery_Recorded_Date', 'Vendor', 'Item_Description', 'Molecule/Test_Type', 'Brand', 'Dosage', 'Dosage_Form', 'Manufacturing_Site', 'PQ_First_Sent_to_Client_Date', 'Country', 'Fulfill_Via', 'Vendor_INCO_Term', 'Unit_of_Measure_Per_Pack', 'Shipment_Mode', 'First_Line_Designation', 'Line_Item_Insurance_USD', 'Days_to_Process']
[2023-09-04 18:16:18,361] 41 root - INFO - After dropping columns from df shape of df(10324, 9)
[2023-09-04 18:16:18,362] 36 root - INFO -  Columns to drop :['ID', 'Project_Code', 'PQ', 'Managed_By', 'PO_Sent_to_Vendor_Date', 'Product_Group', 'Scheduled_Delivery_Date', 'Delivered_to_Client_Date', 'Delivery_Recorded_Date', 'Vendor', 'Item_Description', 'Molecule/Test_Type', 'Brand', 'Dosage', 'Dosage_Form', 'Manufacturing_Site', 'PQ_First_Sent_to_Client_Date', 'Country', 'Fulfill_Via', 'Vendor_INCO_Term', 'Unit_of_Measure_Per_Pack', 'Shipment_Mode', 'First_Line_Designation', 'Line_Item_Insurance_USD', 'Days_to_Process']
[2023-09-04 18:16:18,365] 41 root - INFO - After dropping columns from df shape of df(8259, 9)
[2023-09-04 18:16:18,365] 36 root - INFO -  Columns to drop :['ID', 'Project_Code', 'PQ', 'Managed_By', 'PO_Sent_to_Vendor_Date', 'Product_Group', 'Scheduled_Delivery_Date', 'Delivered_to_Client_Date', 'Delivery_Recorded_Date', 'Vendor', 'Item_Description', 'Molecule/Test_Type', 'Brand', 'Dosage', 'Dosage_Form', 'Manufacturing_Site', 'PQ_First_Sent_to_Client_Date', 'Country', 'Fulfill_Via', 'Vendor_INCO_Term', 'Unit_of_Measure_Per_Pack', 'Shipment_Mode', 'First_Line_Designation', 'Line_Item_Insurance_USD', 'Days_to_Process']
[2023-09-04 18:16:18,367] 41 root - INFO - After dropping columns from df shape of df(2065, 9)
[2023-09-04 18:16:18,367] 192 root - INFO - Train dataframe shape after dropping columns: (8259, 9)
[2023-09-04 18:16:18,367] 193 root - INFO - Test dataframe shape after dropping columns: (2065, 9)
[2023-09-04 18:16:18,367] 195 root - INFO - Is all required columns present in train df
[2023-09-04 18:16:18,367] 52 root - INFO - base columnsIndex(['PO_SO', 'ASN_DN', 'Sub_Classification', 'Line_Item_Quantity',
       'Line_Item_Value', 'Pack_Price', 'Unit_Price', 'Weight_Kilograms',
       'Freight_Cost_USD'],
      dtype='object')
[2023-09-04 18:16:18,368] 54 root - INFO - current_columnsIndex(['PO_SO', 'ASN_DN', 'Sub_Classification', 'Line_Item_Quantity',
       'Line_Item_Value', 'Pack_Price', 'Unit_Price', 'Weight_Kilograms',
       'Freight_Cost_USD'],
      dtype='object')
[2023-09-04 18:16:18,368] 197 root - INFO - Is all required columns present in test df
[2023-09-04 18:16:18,368] 52 root - INFO - base columnsIndex(['PO_SO', 'ASN_DN', 'Sub_Classification', 'Line_Item_Quantity',
       'Line_Item_Value', 'Pack_Price', 'Unit_Price', 'Weight_Kilograms',
       'Freight_Cost_USD'],
      dtype='object')
[2023-09-04 18:16:18,369] 54 root - INFO - current_columnsIndex(['PO_SO', 'ASN_DN', 'Sub_Classification', 'Line_Item_Quantity',
       'Line_Item_Value', 'Pack_Price', 'Unit_Price', 'Weight_Kilograms',
       'Freight_Cost_USD'],
      dtype='object')
[2023-09-04 18:16:18,369] 202 root - INFO - As all column are available in train df hence detecting data drift
[2023-09-04 18:16:18,372] 120 root - INFO - Hypothesis Line_Item_Quantity: int64, int64 
[2023-09-04 18:16:18,394] 120 root - INFO - Hypothesis Line_Item_Value: float64, float64 
[2023-09-04 18:16:18,416] 120 root - INFO - Hypothesis Pack_Price: float64, float64 
[2023-09-04 18:16:18,437] 120 root - INFO - Hypothesis Unit_Price: float64, float64 
[2023-09-04 18:16:18,457] 120 root - INFO - Hypothesis Weight_Kilograms: float64, float64 
[2023-09-04 18:16:18,462] 120 root - INFO - Hypothesis Freight_Cost_USD: float64, float64 
[2023-09-04 18:16:18,481] 138 root - INFO - Hypothesis PO_SO: object, object 
[2023-09-04 18:16:18,485] 138 root - INFO - Hypothesis ASN_DN: object, object 
[2023-09-04 18:16:18,489] 138 root - INFO - Hypothesis Sub_Classification: object, object 
[2023-09-04 18:16:18,493] 205 root - INFO - As all column are available in test df hence detecting data drift
[2023-09-04 18:16:18,495] 120 root - INFO - Hypothesis Line_Item_Quantity: int64, int64 
[2023-09-04 18:16:18,499] 120 root - INFO - Hypothesis Line_Item_Value: float64, float64 
[2023-09-04 18:16:18,503] 120 root - INFO - Hypothesis Pack_Price: float64, float64 
[2023-09-04 18:16:18,507] 120 root - INFO - Hypothesis Unit_Price: float64, float64 
[2023-09-04 18:16:18,510] 120 root - INFO - Hypothesis Weight_Kilograms: float64, float64 
[2023-09-04 18:16:18,513] 120 root - INFO - Hypothesis Freight_Cost_USD: float64, float64 
[2023-09-04 18:16:18,516] 138 root - INFO - Hypothesis PO_SO: object, object 
[2023-09-04 18:16:18,553] 138 root - INFO - Hypothesis ASN_DN: object, object 
[2023-09-04 18:16:18,556] 138 root - INFO - Hypothesis Sub_Classification: object, object 
[2023-09-04 18:16:18,560] 211 root - INFO - Saving validated train and test dataframe
[2023-09-04 18:16:18,654] 218 root - INFO - Write reprt in yaml file
[2023-09-04 18:16:18,665] 228 root - INFO - Data validation artifact: DataValidationArtifact(report_file_path='F:\\Shipping_Pricing_Prediction\\artifact\\09042023__181549\\data_validation\\report.yaml', validated_train_file_path='F:\\Shipping_Pricing_Prediction\\artifact\\09042023__181549\\data_validation\\validated_train.csv', validated_test_file_path='F:\\Shipping_Pricing_Prediction\\artifact\\09042023__181549\\data_validation\\validated_test.csv')
[2023-09-04 18:16:18,666] 25 root - INFO - >>>>>>>>>>>>>>>>>>>>>>>>>>>>>>>>>>>>>>>> Data Transformation <<<<<<<<<<<<<<<<<<<<<<<<<<<<<<<<<<<<<<<<
[2023-09-04 18:16:18,667] 69 root - INFO - Loading validated train and test file path
[2023-09-04 18:16:18,667] 73 root - INFO - Loading train and test dataframes from validation
[2023-09-04 18:16:18,696] 77 root - INFO - Shape of Train df: (8259, 9)
[2023-09-04 18:16:18,696] 78 root - INFO - Shape of Test df: (2065, 9)
[2023-09-04 18:16:18,696] 80 root - INFO - Train df columns: ['PO_SO', 'ASN_DN', 'Sub_Classification', 'Line_Item_Quantity', 'Line_Item_Value', 'Pack_Price', 'Unit_Price', 'Weight_Kilograms', 'Freight_Cost_USD']
[2023-09-04 18:16:18,696] 81 root - INFO - Test df columns: ['PO_SO', 'ASN_DN', 'Sub_Classification', 'Line_Item_Quantity', 'Line_Item_Value', 'Pack_Price', 'Unit_Price', 'Weight_Kilograms', 'Freight_Cost_USD']
[2023-09-04 18:16:18,699] 87 root - INFO - Input feature train df and test df shape: ((8259, 8), (2065, 8))
[2023-09-04 18:16:18,700] 88 root - INFO - Input_feature_train_df_columns: ['PO_SO', 'ASN_DN', 'Sub_Classification', 'Line_Item_Quantity', 'Pack_Price', 'Unit_Price', 'Weight_Kilograms', 'Freight_Cost_USD']
[2023-09-04 18:16:18,700] 89 root - INFO - Input_feature_test_df_columns: ['PO_SO', 'ASN_DN', 'Sub_Classification', 'Line_Item_Quantity', 'Pack_Price', 'Unit_Price', 'Weight_Kilograms', 'Freight_Cost_USD']
[2023-09-04 18:16:18,700] 95 root - INFO - Shape of target feature in train and test: ((8259,), (2065,))
[2023-09-04 18:16:18,700] 96 root - INFO - Before applying log transformation on target features
[2023-09-04 18:16:18,702] 105 root - INFO - After reshaping: ((8259, 1), (2065, 1))
[2023-09-04 18:16:18,702] 108 root - INFO - Getting transformation object from pipeline
[2023-09-04 18:16:18,702] 39 root - INFO - Applying categorical transformer
[2023-09-04 18:16:18,702] 45 root - INFO - Applying numerical transformer
[2023-09-04 18:16:18,702] 112 root - INFO - Fitting transformers on train data
[2023-09-04 18:16:18,752] 116 root - INFO - Transforming train and test data using fitted transformers
[2023-09-04 18:16:18,793] 120 root - INFO - Shape of input feature train and test arr: ((8259, 12), (2065, 12))
[2023-09-04 18:16:18,794] 123 root - INFO - Concatenating input feature with target feature in train and test
[2023-09-04 18:16:18,796] 131 root - INFO - shape of combined input and target feature in train and test((8259, 13), (2065, 13))
[2023-09-04 18:16:18,796] 134 root - INFO - Saving transformed train array data
[2023-09-04 18:16:18,800] 138 root - INFO - Saving transformed test array data
[2023-09-04 18:16:18,803] 142 root - INFO - Saving transformer object 
[2023-09-04 18:16:18,803] 78 root - INFO - Entered the save_object method of utils
[2023-09-04 18:16:18,815] 82 root - INFO - Exited the save_object method of utils
[2023-09-04 18:16:18,815] 151 root - INFO - Data transformation object DataTransformationArtifact(transform_object_path='F:\\Shipping_Pricing_Prediction\\artifact\\09042023__181549\\data_transformation\\transformer\\transformer.pkl', transformed_train_path='F:\\Shipping_Pricing_Prediction\\artifact\\09042023__181549\\data_transformation\\transformed\\train.npz', transformed_test_path='F:\\Shipping_Pricing_Prediction\\artifact\\09042023__181549\\data_transformation\\transformed\\test.npz')
[2023-09-04 18:16:18,816] 17 root - INFO - >>>>>>>>>>>>>>>>>>>>>>>>>>>>>>>>>>>>>>>> Model Trainer <<<<<<<<<<<<<<<<<<<<<<<<<<<<<<<<<<<<<<<<
[2023-09-04 18:16:18,816] 35 root - INFO - loading train and test numpy array for model training 
[2023-09-04 18:16:18,818] 39 root - INFO - Loaded train arr shape: (8259, 13)
[2023-09-04 18:16:18,819] 40 root - INFO - Loaded test arr shape: (2065, 13)
[2023-09-04 18:16:18,819] 45 root - INFO - Shape of X_train, X_test ---> (8259, 12), (2065, 12)
[2023-09-04 18:16:18,819] 47 root - INFO - Train the model
[2023-09-04 18:16:19,292] 50 root - INFO - Calculating r2-score train
[2023-09-04 18:16:19,304] 54 root - INFO - Calculating r2_score test
[2023-09-04 18:16:19,309] 58 root - INFO - Train and test r2 score--->(0.9981708608975208, 0.9977745080650778)
[2023-09-04 18:16:19,309] 60 root - INFO - Calculating MSE train score
[2023-09-04 18:16:19,311] 63 root - INFO - Calculating MSE test score
[2023-09-04 18:16:19,312] 66 root - INFO - Train and test MSE score ---->(0.012168882375965844, 0.015338054546513692)
[2023-09-04 18:16:19,312] 77 root - INFO - Adjusted R2 score for train dataset: 0.9982
[2023-09-04 18:16:19,312] 78 root - INFO - Adjusted R2 score for test dataset: 0.9978
[2023-09-04 18:16:19,312] 80 root - INFO - Checking if our model is underfitting or not
[2023-09-04 18:16:19,313] 84 root - INFO - Checking if our model is overfiiting or not
[2023-09-04 18:16:19,313] 89 root - INFO - Saving trained model
[2023-09-04 18:16:19,313] 78 root - INFO - Entered the save_object method of utils
[2023-09-04 18:16:19,321] 82 root - INFO - Exited the save_object method of utils
[2023-09-04 18:16:19,321] 92 root - INFO - Prepare the artifact
[2023-09-04 18:16:19,321] 101 root - INFO - Model trainer artifact: ModelTrainerArtifact(model_path='F:\\Shipping_Pricing_Prediction\\artifact\\09042023__181549\\model_trainer\\model\\model.pkl', r2_score_train=0.9981708608975208, r2_score_test=0.9977745080650778, adjusted_r2_score_train=0.9981681990409564, adjusted_r2_score_test=0.997761493492359, mse_train=0.012168882375965844, mse_test=0.015338054546513692)
[2023-09-04 18:16:19,322] 20 root - INFO - >>>>>>>>>>>>>>>>>>>>>>>>>>>>>>>>>>>>>>>>  Model Evaluation <<<<<<<<<<<<<<<<<<<<<<<<<<<<<<<<<<<<<<<<
[2023-09-04 18:16:19,322] 32 root - INFO - If the saved model folder has a model, then we will compare which model is best trained or the model from the saved model folder.
[2023-09-04 18:16:19,323] 23 root - INFO - dir _name:[]
[2023-09-04 18:16:19,323] 39 root - INFO - Model evaluation artifact: ModelEvaluationArtifact(is_model_accepted=True, is_accuracy_improved=None)
[2023-09-04 18:16:19,323] 65 root - ERROR - An error occurred during data validation: name 'TARGET_SCALER_OBJECT_FILE_NAME' is not defined
