[2023-09-04 18:30:34,806] 15 root - INFO - >>>>>>>>>>>>>>>>>>>>>>>>>>>>>>>>>>>>>>>> Data Ingestion <<<<<<<<<<<<<<<<<<<<<<<<<<<<<<<<<<<<<<<<
[2023-09-04 18:30:34,806] 23 root - INFO - Exporting collection data as pandas dataframe
[2023-09-04 18:30:34,806] 28 root - INFO - Reading data from database: clean_Logistic and collection: clean_shipping_data
[2023-09-04 18:30:53,785] 32 root - INFO - Dropping column: _id
[2023-09-04 18:30:53,803] 34 root - INFO - Columns in dataframe : Index(['ID', 'Project_Code', 'PQ', 'PO_SO', 'ASN_DN', 'Country', 'Managed_By',
       'Fulfill_Via', 'Vendor_INCO_Term', 'Shipment_Mode',
       'PQ_First_Sent_to_Client_Date', 'PO_Sent_to_Vendor_Date',
       'Scheduled_Delivery_Date', 'Delivered_to_Client_Date',
       'Delivery_Recorded_Date', 'Product_Group', 'Sub_Classification',
       'Vendor', 'Item_Description', 'Molecule/Test_Type', 'Brand', 'Dosage',
       'Dosage_Form', 'Unit_of_Measure_Per_Pack', 'Line_Item_Quantity',
       'Line_Item_Value', 'Pack_Price', 'Unit_Price', 'Manufacturing_Site',
       'First_Line_Designation', 'Weight_Kilograms', 'Freight_Cost_USD',
       'Line_Item_Insurance_USD', 'Days_to_Process'],
      dtype='object')
[2023-09-04 18:30:53,804] 35 root - INFO - >>>>>>>>>>>>>>>>>>>>>>>>>>>>>>>>>>>>>>>>*<<<<<<<<<<<<<<<<<<<<<<<<<<<<<<<<<<<<<<<<
[2023-09-04 18:30:53,805] 37 root - INFO -  ID : int64
[2023-09-04 18:30:53,805] 37 root - INFO -  Project_Code : object
[2023-09-04 18:30:53,805] 37 root - INFO -  PQ : object
[2023-09-04 18:30:53,805] 37 root - INFO -  PO_SO : object
[2023-09-04 18:30:53,806] 37 root - INFO -  ASN_DN : object
[2023-09-04 18:30:53,806] 37 root - INFO -  Country : object
[2023-09-04 18:30:53,806] 37 root - INFO -  Managed_By : object
[2023-09-04 18:30:53,806] 37 root - INFO -  Fulfill_Via : object
[2023-09-04 18:30:53,806] 37 root - INFO -  Vendor_INCO_Term : object
[2023-09-04 18:30:53,807] 37 root - INFO -  Shipment_Mode : object
[2023-09-04 18:30:53,807] 37 root - INFO -  PQ_First_Sent_to_Client_Date : object
[2023-09-04 18:30:53,807] 37 root - INFO -  PO_Sent_to_Vendor_Date : object
[2023-09-04 18:30:53,807] 37 root - INFO -  Scheduled_Delivery_Date : object
[2023-09-04 18:30:53,808] 37 root - INFO -  Delivered_to_Client_Date : object
[2023-09-04 18:30:53,808] 37 root - INFO -  Delivery_Recorded_Date : object
[2023-09-04 18:30:53,808] 37 root - INFO -  Product_Group : object
[2023-09-04 18:30:53,808] 37 root - INFO -  Sub_Classification : object
[2023-09-04 18:30:53,809] 37 root - INFO -  Vendor : object
[2023-09-04 18:30:53,809] 37 root - INFO -  Item_Description : object
[2023-09-04 18:30:53,809] 37 root - INFO -  Molecule/Test_Type : object
[2023-09-04 18:30:53,809] 37 root - INFO -  Brand : object
[2023-09-04 18:30:53,809] 37 root - INFO -  Dosage : object
[2023-09-04 18:30:53,810] 37 root - INFO -  Dosage_Form : object
[2023-09-04 18:30:53,810] 37 root - INFO -  Unit_of_Measure_Per_Pack : int64
[2023-09-04 18:30:53,810] 37 root - INFO -  Line_Item_Quantity : int64
[2023-09-04 18:30:53,810] 37 root - INFO -  Line_Item_Value : float64
[2023-09-04 18:30:53,810] 37 root - INFO -  Pack_Price : float64
[2023-09-04 18:30:53,811] 37 root - INFO -  Unit_Price : float64
[2023-09-04 18:30:53,811] 37 root - INFO -  Manufacturing_Site : object
[2023-09-04 18:30:53,811] 37 root - INFO -  First_Line_Designation : object
[2023-09-04 18:30:53,811] 37 root - INFO -  Weight_Kilograms : float64
[2023-09-04 18:30:53,812] 37 root - INFO -  Freight_Cost_USD : float64
[2023-09-04 18:30:53,812] 37 root - INFO -  Line_Item_Insurance_USD : float64
[2023-09-04 18:30:53,812] 37 root - INFO -  Days_to_Process : int64
[2023-09-04 18:30:53,812] 29 root - INFO -  Shape of df (10324, 34)
[2023-09-04 18:30:53,812] 31 root - INFO - Save data in feature store
[2023-09-04 18:30:53,884] 34 root - INFO - Any duplicate records:0
[2023-09-04 18:30:53,884] 37 root - INFO - Dropping duplicate record
[2023-09-04 18:30:53,964] 40 root - INFO -  Rechecking any duplicate record or not
[2023-09-04 18:30:54,034] 41 root - INFO - Duplicate record :0
[2023-09-04 18:30:54,068] 44 root - INFO - Any missing value inside datasetFreight_Cost_USD                2445
Dosage                          1736
Weight_Kilograms                1507
Shipment_Mode                    360
Line_Item_Insurance_USD          287
ID                                 0
Line_Item_Quantity                 0
Brand                              0
Dosage_Form                        0
Unit_of_Measure_Per_Pack           0
Pack_Price                         0
Line_Item_Value                    0
Item_Description                   0
Unit_Price                         0
Manufacturing_Site                 0
First_Line_Designation             0
Molecule/Test_Type                 0
Vendor                             0
Project_Code                       0
Sub_Classification                 0
Product_Group                      0
Delivery_Recorded_Date             0
Delivered_to_Client_Date           0
Scheduled_Delivery_Date            0
PO_Sent_to_Vendor_Date             0
PQ_First_Sent_to_Client_Date       0
Vendor_INCO_Term                   0
Fulfill_Via                        0
Managed_By                         0
Country                            0
ASN_DN                             0
PO_SO                              0
PQ                                 0
Days_to_Process                    0
dtype: int64
[2023-09-04 18:30:54,068] 46 root - INFO - Create feature store folder if not available
[2023-09-04 18:30:54,081] 50 root - INFO - Save df to feature store folder
[2023-09-04 18:30:54,384] 54 root - INFO - base df shape-->(10324, 34)
[2023-09-04 18:30:54,385] 56 root - INFO - split dataset into train and test set
[2023-09-04 18:30:54,400] 60 root - INFO - create dataset directory folder if not available
[2023-09-04 18:30:54,401] 65 root - INFO - Save df to feature store folder
[2023-09-04 18:30:54,725] 70 root - INFO - train df shape--->(8259, 34)
[2023-09-04 18:30:54,725] 72 root - INFO - test df shape-->(2065, 34)
[2023-09-04 18:30:54,725] 79 root - INFO - Data ingestion artifact: DataIngestionArtifact(feature_store_file_path='F:\\Shipping_Pricing_Prediction\\artifact\\09042023__183034\\data_ingestion\\feature_store\\clean_SCMS_Delivery_History_Dataset.csv', train_file_path='F:\\Shipping_Pricing_Prediction\\artifact\\09042023__183034\\data_ingestion\\dataset\\train.csv', test_file_path='F:\\Shipping_Pricing_Prediction\\artifact\\09042023__183034\\data_ingestion\\dataset\\test.csv')
[2023-09-04 18:30:54,762] 23 root - INFO - >>>>>>>>>>>>>>>>>>>>>>>>>>>>>>>>>>>>>>>> Data Validation <<<<<<<<<<<<<<<<<<<<<<<<<<<<<<<<<<<<<<<<
[2023-09-04 18:30:54,762] 162 root - INFO - Reading base dataframe
[2023-09-04 18:30:54,899] 164 root - INFO - base_df shape-->(10324, 34)
[2023-09-04 18:30:54,899] 166 root - INFO - Reading train dataframe
[2023-09-04 18:30:55,009] 168 root - INFO - train_df shape-->(8259, 34)
[2023-09-04 18:30:55,009] 170 root - INFO - Reading test data frame
[2023-09-04 18:30:55,041] 172 root - INFO - test_df shape-->(2065, 34)
[2023-09-04 18:30:55,141] 174 root - INFO - Any duplicate records inside base_df ,train_df,test_df(0, 0, 0)
[2023-09-04 18:30:55,141] 177 root - INFO - Dropping duplicate from base_df ,train_df,test_df
[2023-09-04 18:30:55,230] 182 root - INFO - After dropping duplicate 
[2023-09-04 18:30:55,321] 183 root - INFO - Duplicate count in base_df,train_df,test_df-->(0, 0, 0)
[2023-09-04 18:30:55,321] 36 root - INFO -  Columns to drop :['ID', 'Project_Code', 'PQ', 'Managed_By', 'PO_Sent_to_Vendor_Date', 'Product_Group', 'Scheduled_Delivery_Date', 'Delivered_to_Client_Date', 'Delivery_Recorded_Date', 'Vendor', 'Item_Description', 'Molecule/Test_Type', 'Brand', 'Dosage', 'Dosage_Form', 'Manufacturing_Site', 'PQ_First_Sent_to_Client_Date', 'Country', 'Fulfill_Via', 'Vendor_INCO_Term', 'Unit_of_Measure_Per_Pack', 'Shipment_Mode', 'First_Line_Designation', 'Line_Item_Insurance_USD', 'Days_to_Process']
[2023-09-04 18:30:55,324] 41 root - INFO - After dropping columns from df shape of df(10324, 9)
[2023-09-04 18:30:55,324] 36 root - INFO -  Columns to drop :['ID', 'Project_Code', 'PQ', 'Managed_By', 'PO_Sent_to_Vendor_Date', 'Product_Group', 'Scheduled_Delivery_Date', 'Delivered_to_Client_Date', 'Delivery_Recorded_Date', 'Vendor', 'Item_Description', 'Molecule/Test_Type', 'Brand', 'Dosage', 'Dosage_Form', 'Manufacturing_Site', 'PQ_First_Sent_to_Client_Date', 'Country', 'Fulfill_Via', 'Vendor_INCO_Term', 'Unit_of_Measure_Per_Pack', 'Shipment_Mode', 'First_Line_Designation', 'Line_Item_Insurance_USD', 'Days_to_Process']
[2023-09-04 18:30:55,327] 41 root - INFO - After dropping columns from df shape of df(8259, 9)
[2023-09-04 18:30:55,328] 36 root - INFO -  Columns to drop :['ID', 'Project_Code', 'PQ', 'Managed_By', 'PO_Sent_to_Vendor_Date', 'Product_Group', 'Scheduled_Delivery_Date', 'Delivered_to_Client_Date', 'Delivery_Recorded_Date', 'Vendor', 'Item_Description', 'Molecule/Test_Type', 'Brand', 'Dosage', 'Dosage_Form', 'Manufacturing_Site', 'PQ_First_Sent_to_Client_Date', 'Country', 'Fulfill_Via', 'Vendor_INCO_Term', 'Unit_of_Measure_Per_Pack', 'Shipment_Mode', 'First_Line_Designation', 'Line_Item_Insurance_USD', 'Days_to_Process']
[2023-09-04 18:30:55,329] 41 root - INFO - After dropping columns from df shape of df(2065, 9)
[2023-09-04 18:30:55,330] 192 root - INFO - Train dataframe shape after dropping columns: (8259, 9)
[2023-09-04 18:30:55,330] 193 root - INFO - Test dataframe shape after dropping columns: (2065, 9)
[2023-09-04 18:30:55,330] 195 root - INFO - Is all required columns present in train df
[2023-09-04 18:30:55,330] 52 root - INFO - base columnsIndex(['PO_SO', 'ASN_DN', 'Sub_Classification', 'Line_Item_Quantity',
       'Line_Item_Value', 'Pack_Price', 'Unit_Price', 'Weight_Kilograms',
       'Freight_Cost_USD'],
      dtype='object')
[2023-09-04 18:30:55,331] 54 root - INFO - current_columnsIndex(['PO_SO', 'ASN_DN', 'Sub_Classification', 'Line_Item_Quantity',
       'Line_Item_Value', 'Pack_Price', 'Unit_Price', 'Weight_Kilograms',
       'Freight_Cost_USD'],
      dtype='object')
[2023-09-04 18:30:55,331] 197 root - INFO - Is all required columns present in test df
[2023-09-04 18:30:55,331] 52 root - INFO - base columnsIndex(['PO_SO', 'ASN_DN', 'Sub_Classification', 'Line_Item_Quantity',
       'Line_Item_Value', 'Pack_Price', 'Unit_Price', 'Weight_Kilograms',
       'Freight_Cost_USD'],
      dtype='object')
[2023-09-04 18:30:55,331] 54 root - INFO - current_columnsIndex(['PO_SO', 'ASN_DN', 'Sub_Classification', 'Line_Item_Quantity',
       'Line_Item_Value', 'Pack_Price', 'Unit_Price', 'Weight_Kilograms',
       'Freight_Cost_USD'],
      dtype='object')
[2023-09-04 18:30:55,332] 202 root - INFO - As all column are available in train df hence detecting data drift
[2023-09-04 18:30:55,334] 120 root - INFO - Hypothesis Line_Item_Quantity: int64, int64 
[2023-09-04 18:30:55,341] 120 root - INFO - Hypothesis Line_Item_Value: float64, float64 
[2023-09-04 18:30:55,346] 120 root - INFO - Hypothesis Pack_Price: float64, float64 
[2023-09-04 18:30:55,350] 120 root - INFO - Hypothesis Unit_Price: float64, float64 
[2023-09-04 18:30:55,355] 120 root - INFO - Hypothesis Weight_Kilograms: float64, float64 
[2023-09-04 18:30:55,374] 120 root - INFO - Hypothesis Freight_Cost_USD: float64, float64 
[2023-09-04 18:30:55,393] 138 root - INFO - Hypothesis PO_SO: object, object 
[2023-09-04 18:30:55,397] 138 root - INFO - Hypothesis ASN_DN: object, object 
[2023-09-04 18:30:55,400] 138 root - INFO - Hypothesis Sub_Classification: object, object 
[2023-09-04 18:30:55,404] 205 root - INFO - As all column are available in test df hence detecting data drift
[2023-09-04 18:30:55,406] 120 root - INFO - Hypothesis Line_Item_Quantity: int64, int64 
[2023-09-04 18:30:55,411] 120 root - INFO - Hypothesis Line_Item_Value: float64, float64 
[2023-09-04 18:30:55,414] 120 root - INFO - Hypothesis Pack_Price: float64, float64 
[2023-09-04 18:30:55,417] 120 root - INFO - Hypothesis Unit_Price: float64, float64 
[2023-09-04 18:30:55,420] 120 root - INFO - Hypothesis Weight_Kilograms: float64, float64 
[2023-09-04 18:30:55,424] 120 root - INFO - Hypothesis Freight_Cost_USD: float64, float64 
[2023-09-04 18:30:55,427] 138 root - INFO - Hypothesis PO_SO: object, object 
[2023-09-04 18:30:55,430] 138 root - INFO - Hypothesis ASN_DN: object, object 
[2023-09-04 18:30:55,433] 138 root - INFO - Hypothesis Sub_Classification: object, object 
[2023-09-04 18:30:55,437] 211 root - INFO - Saving validated train and test dataframe
[2023-09-04 18:30:55,522] 218 root - INFO - Write reprt in yaml file
[2023-09-04 18:30:55,534] 228 root - INFO - Data validation artifact: DataValidationArtifact(report_file_path='F:\\Shipping_Pricing_Prediction\\artifact\\09042023__183034\\data_validation\\report.yaml', validated_train_file_path='F:\\Shipping_Pricing_Prediction\\artifact\\09042023__183034\\data_validation\\validated_train.csv', validated_test_file_path='F:\\Shipping_Pricing_Prediction\\artifact\\09042023__183034\\data_validation\\validated_test.csv')
[2023-09-04 18:30:55,535] 25 root - INFO - >>>>>>>>>>>>>>>>>>>>>>>>>>>>>>>>>>>>>>>> Data Transformation <<<<<<<<<<<<<<<<<<<<<<<<<<<<<<<<<<<<<<<<
[2023-09-04 18:30:55,535] 69 root - INFO - Loading validated train and test file path
[2023-09-04 18:30:55,535] 73 root - INFO - Loading train and test dataframes from validation
[2023-09-04 18:30:55,563] 77 root - INFO - Shape of Train df: (8259, 9)
[2023-09-04 18:30:55,563] 78 root - INFO - Shape of Test df: (2065, 9)
[2023-09-04 18:30:55,563] 80 root - INFO - Train df columns: ['PO_SO', 'ASN_DN', 'Sub_Classification', 'Line_Item_Quantity', 'Line_Item_Value', 'Pack_Price', 'Unit_Price', 'Weight_Kilograms', 'Freight_Cost_USD']
[2023-09-04 18:30:55,563] 81 root - INFO - Test df columns: ['PO_SO', 'ASN_DN', 'Sub_Classification', 'Line_Item_Quantity', 'Line_Item_Value', 'Pack_Price', 'Unit_Price', 'Weight_Kilograms', 'Freight_Cost_USD']
[2023-09-04 18:30:55,566] 87 root - INFO - Input feature train df and test df shape: ((8259, 8), (2065, 8))
[2023-09-04 18:30:55,566] 88 root - INFO - Input_feature_train_df_columns: ['PO_SO', 'ASN_DN', 'Sub_Classification', 'Line_Item_Quantity', 'Pack_Price', 'Unit_Price', 'Weight_Kilograms', 'Freight_Cost_USD']
[2023-09-04 18:30:55,566] 89 root - INFO - Input_feature_test_df_columns: ['PO_SO', 'ASN_DN', 'Sub_Classification', 'Line_Item_Quantity', 'Pack_Price', 'Unit_Price', 'Weight_Kilograms', 'Freight_Cost_USD']
[2023-09-04 18:30:55,567] 95 root - INFO - Shape of target feature in train and test: ((8259,), (2065,))
[2023-09-04 18:30:55,567] 96 root - INFO - Before applying log transformation on target features
[2023-09-04 18:30:55,568] 105 root - INFO - After reshaping: ((8259, 1), (2065, 1))
[2023-09-04 18:30:55,568] 108 root - INFO - Getting transformation object from pipeline
[2023-09-04 18:30:55,568] 39 root - INFO - Applying categorical transformer
[2023-09-04 18:30:55,568] 45 root - INFO - Applying numerical transformer
[2023-09-04 18:30:55,569] 112 root - INFO - Fitting transformers on train data
[2023-09-04 18:30:55,614] 116 root - INFO - Transforming train and test data using fitted transformers
[2023-09-04 18:30:55,649] 120 root - INFO - Shape of input feature train and test arr: ((8259, 13), (2065, 13))
[2023-09-04 18:30:55,649] 123 root - INFO - Concatenating input feature with target feature in train and test
[2023-09-04 18:30:55,650] 131 root - INFO - shape of combined input and target feature in train and test((8259, 14), (2065, 14))
[2023-09-04 18:30:55,650] 134 root - INFO - Saving transformed train array data
[2023-09-04 18:30:55,654] 138 root - INFO - Saving transformed test array data
[2023-09-04 18:30:55,656] 142 root - INFO - Saving transformer object 
[2023-09-04 18:30:55,656] 78 root - INFO - Entered the save_object method of utils
[2023-09-04 18:30:55,663] 82 root - INFO - Exited the save_object method of utils
[2023-09-04 18:30:55,663] 151 root - INFO - Data transformation object DataTransformationArtifact(transform_object_path='F:\\Shipping_Pricing_Prediction\\artifact\\09042023__183034\\data_transformation\\transformer\\transformer.pkl', transformed_train_path='F:\\Shipping_Pricing_Prediction\\artifact\\09042023__183034\\data_transformation\\transformed\\train.npz', transformed_test_path='F:\\Shipping_Pricing_Prediction\\artifact\\09042023__183034\\data_transformation\\transformed\\test.npz')
[2023-09-04 18:30:55,664] 17 root - INFO - >>>>>>>>>>>>>>>>>>>>>>>>>>>>>>>>>>>>>>>> Model Trainer <<<<<<<<<<<<<<<<<<<<<<<<<<<<<<<<<<<<<<<<
[2023-09-04 18:30:55,664] 35 root - INFO - loading train and test numpy array for model training 
[2023-09-04 18:30:55,666] 39 root - INFO - Loaded train arr shape: (8259, 14)
[2023-09-04 18:30:55,666] 40 root - INFO - Loaded test arr shape: (2065, 14)
[2023-09-04 18:30:55,666] 45 root - INFO - Shape of X_train, X_test ---> (8259, 13), (2065, 13)
[2023-09-04 18:30:55,666] 47 root - INFO - Train the model
[2023-09-04 18:30:56,141] 50 root - INFO - Calculating r2-score train
[2023-09-04 18:30:56,152] 54 root - INFO - Calculating r2_score test
[2023-09-04 18:30:56,157] 58 root - INFO - Train and test r2 score--->(0.9980813971713822, 0.9975722145574362)
[2023-09-04 18:30:56,157] 60 root - INFO - Calculating MSE train score
[2023-09-04 18:30:56,158] 63 root - INFO - Calculating MSE test score
[2023-09-04 18:30:56,160] 66 root - INFO - Train and test MSE score ---->(0.012922846264598295, 0.015891912701708855)
[2023-09-04 18:30:56,160] 77 root - INFO - Adjusted R2 score for train dataset: 0.9981
[2023-09-04 18:30:56,160] 78 root - INFO - Adjusted R2 score for test dataset: 0.9976
[2023-09-04 18:30:56,160] 80 root - INFO - Checking if our model is underfitting or not
[2023-09-04 18:30:56,160] 84 root - INFO - Checking if our model is overfiiting or not
[2023-09-04 18:30:56,161] 89 root - INFO - Saving trained model
[2023-09-04 18:30:56,161] 78 root - INFO - Entered the save_object method of utils
[2023-09-04 18:30:56,169] 82 root - INFO - Exited the save_object method of utils
[2023-09-04 18:30:56,169] 92 root - INFO - Prepare the artifact
[2023-09-04 18:30:56,169] 101 root - INFO - Model trainer artifact: ModelTrainerArtifact(model_path='F:\\Shipping_Pricing_Prediction\\artifact\\09042023__183034\\model_trainer\\model\\model.pkl', r2_score_train=0.9980813971713822, r2_score_test=0.9975722145574362, adjusted_r2_score_train=0.9980783720850545, adjusted_r2_score_test=0.9975568263513156, mse_train=0.012922846264598295, mse_test=0.015891912701708855)
[2023-09-04 18:30:56,170] 20 root - INFO - >>>>>>>>>>>>>>>>>>>>>>>>>>>>>>>>>>>>>>>>  Model Evaluation <<<<<<<<<<<<<<<<<<<<<<<<<<<<<<<<<<<<<<<<
[2023-09-04 18:30:56,170] 32 root - INFO - If the saved model folder has a model, then we will compare which model is best trained or the model from the saved model folder.
[2023-09-04 18:30:56,171] 23 root - INFO - dir _name:['0']
[2023-09-04 18:30:56,171] 28 root - INFO - latest dir names:0
[2023-09-04 18:30:56,171] 43 root - INFO - Finding location of transformer model
[2023-09-04 18:30:56,171] 23 root - INFO - dir _name:['0']
[2023-09-04 18:30:56,172] 28 root - INFO - latest dir names:0
[2023-09-04 18:30:56,172] 23 root - INFO - dir _name:['0']
[2023-09-04 18:30:56,172] 28 root - INFO - latest dir names:0
[2023-09-04 18:30:56,172] 48 root - INFO - Loading previous trained model
[2023-09-04 18:30:56,184] 53 root - INFO - Loading currently trained model
[2023-09-04 18:30:56,196] 58 root - INFO - Loading test df for prediction
[2023-09-04 18:30:56,207] 60 root - INFO - Test df shape (2065, 9)
[2023-09-04 18:30:56,207] 62 root - INFO - Target_df shape (2065,)
[2023-09-04 18:30:56,207] 65 root - INFO - Transforming input features using the previous trained transformer
[2023-09-04 18:30:56,228] 70 root - INFO - Predicting and calculating R-squared score for the previous trained model
[2023-09-04 18:30:56,236] 73 root - INFO - R2 score using the previous trained model: -0.210976019553208
[2023-09-04 18:30:56,236] 76 root - INFO - Transforming input features using the current trained transformer
[2023-09-04 18:30:56,259] 81 root - INFO - Predicting and calculating R-squared score for the currently trained model
[2023-09-04 18:30:56,268] 84 root - INFO - R2 score using the current trained model: -0.21097602371439184
[2023-09-04 18:30:56,271] 96 root - INFO - Previous trained model MSE: 157220027158.77457
[2023-09-04 18:30:56,273] 98 root - INFO - Currently trained model MSE: 157220027158.77457
[2023-09-04 18:30:56,274] 104 root - INFO - Previous model adjusted_r2_score is -0.21865163547431576
[2023-09-04 18:30:56,274] 106 root - INFO - Currently trained model adjusted r2_score is -0.2186516396618745
[2023-09-04 18:30:56,274] 111 root - INFO - Current trained model is not better than the previous model
[2023-09-04 18:30:56,274] 130 root - ERROR - Error occurred: Current trained model is not better than the previous model
[2023-09-04 18:30:56,274] 65 root - ERROR - An error occurred during data validation: cannot unpack non-iterable module object
