[2023-09-05 12:56:25,677] 15 root - INFO - >>>>>>>>>>>>>>>>>>>>>>>>>>>>>>>>>>>>>>>> Data Ingestion <<<<<<<<<<<<<<<<<<<<<<<<<<<<<<<<<<<<<<<<
[2023-09-05 12:56:25,678] 23 root - INFO - Exporting collection data as pandas dataframe
[2023-09-05 12:56:25,678] 28 root - INFO - Reading data from database: clean_Logistic and collection: clean_shipping_data
[2023-09-05 12:57:51,626] 32 root - INFO - Dropping column: _id
[2023-09-05 12:57:51,645] 34 root - INFO - Columns in dataframe : Index(['ID', 'Project_Code', 'PQ', 'PO_SO', 'ASN_DN', 'Country', 'Managed_By',
       'Fulfill_Via', 'Vendor_INCO_Term', 'Shipment_Mode',
       'PQ_First_Sent_to_Client_Date', 'PO_Sent_to_Vendor_Date',
       'Scheduled_Delivery_Date', 'Delivered_to_Client_Date',
       'Delivery_Recorded_Date', 'Product_Group', 'Sub_Classification',
       'Vendor', 'Item_Description', 'Molecule/Test_Type', 'Brand', 'Dosage',
       'Dosage_Form', 'Unit_of_Measure_Per_Pack', 'Line_Item_Quantity',
       'Line_Item_Value', 'Pack_Price', 'Unit_Price', 'Manufacturing_Site',
       'First_Line_Designation', 'Weight_Kilograms', 'Freight_Cost_USD',
       'Line_Item_Insurance_USD', 'Days_to_Process'],
      dtype='object')
[2023-09-05 12:57:51,736] 35 root - INFO - >>>>>>>>>>>>>>>>>>>>>>>>>>>>>>>>>>>>>>>>*<<<<<<<<<<<<<<<<<<<<<<<<<<<<<<<<<<<<<<<<
[2023-09-05 12:57:51,739] 37 root - INFO -  ID : int64
[2023-09-05 12:57:51,741] 37 root - INFO -  Project_Code : object
[2023-09-05 12:57:51,742] 37 root - INFO -  PQ : object
[2023-09-05 12:57:51,743] 37 root - INFO -  PO_SO : object
[2023-09-05 12:57:51,744] 37 root - INFO -  ASN_DN : object
[2023-09-05 12:57:51,745] 37 root - INFO -  Country : object
[2023-09-05 12:57:51,746] 37 root - INFO -  Managed_By : object
[2023-09-05 12:57:51,748] 37 root - INFO -  Fulfill_Via : object
[2023-09-05 12:57:51,750] 37 root - INFO -  Vendor_INCO_Term : object
[2023-09-05 12:57:51,751] 37 root - INFO -  Shipment_Mode : object
[2023-09-05 12:57:51,752] 37 root - INFO -  PQ_First_Sent_to_Client_Date : object
[2023-09-05 12:57:51,753] 37 root - INFO -  PO_Sent_to_Vendor_Date : object
[2023-09-05 12:57:51,754] 37 root - INFO -  Scheduled_Delivery_Date : object
[2023-09-05 12:57:51,755] 37 root - INFO -  Delivered_to_Client_Date : object
[2023-09-05 12:57:51,755] 37 root - INFO -  Delivery_Recorded_Date : object
[2023-09-05 12:57:51,756] 37 root - INFO -  Product_Group : object
[2023-09-05 12:57:51,756] 37 root - INFO -  Sub_Classification : object
[2023-09-05 12:57:51,756] 37 root - INFO -  Vendor : object
[2023-09-05 12:57:51,757] 37 root - INFO -  Item_Description : object
[2023-09-05 12:57:51,758] 37 root - INFO -  Molecule/Test_Type : object
[2023-09-05 12:57:51,758] 37 root - INFO -  Brand : object
[2023-09-05 12:57:51,759] 37 root - INFO -  Dosage : object
[2023-09-05 12:57:51,759] 37 root - INFO -  Dosage_Form : object
[2023-09-05 12:57:51,760] 37 root - INFO -  Unit_of_Measure_Per_Pack : int64
[2023-09-05 12:57:51,760] 37 root - INFO -  Line_Item_Quantity : int64
[2023-09-05 12:57:51,760] 37 root - INFO -  Line_Item_Value : float64
[2023-09-05 12:57:51,761] 37 root - INFO -  Pack_Price : float64
[2023-09-05 12:57:51,761] 37 root - INFO -  Unit_Price : float64
[2023-09-05 12:57:51,762] 37 root - INFO -  Manufacturing_Site : object
[2023-09-05 12:57:51,762] 37 root - INFO -  First_Line_Designation : object
[2023-09-05 12:57:51,762] 37 root - INFO -  Weight_Kilograms : float64
[2023-09-05 12:57:51,762] 37 root - INFO -  Freight_Cost_USD : float64
[2023-09-05 12:57:51,763] 37 root - INFO -  Line_Item_Insurance_USD : float64
[2023-09-05 12:57:51,763] 37 root - INFO -  Days_to_Process : int64
[2023-09-05 12:57:51,763] 29 root - INFO -  Shape of df (10324, 34)
[2023-09-05 12:57:51,763] 31 root - INFO - Save data in feature store
[2023-09-05 12:57:51,844] 34 root - INFO - Any duplicate records:0
[2023-09-05 12:57:51,844] 37 root - INFO - Dropping duplicate record
[2023-09-05 12:57:51,939] 40 root - INFO -  Rechecking any duplicate record or not
[2023-09-05 12:57:52,042] 41 root - INFO - Duplicate record :0
[2023-09-05 12:57:52,093] 44 root - INFO - Any missing value inside datasetFreight_Cost_USD                2445
Dosage                          1736
Weight_Kilograms                1507
Shipment_Mode                    360
Line_Item_Insurance_USD          287
ID                                 0
Line_Item_Quantity                 0
Brand                              0
Dosage_Form                        0
Unit_of_Measure_Per_Pack           0
Pack_Price                         0
Line_Item_Value                    0
Item_Description                   0
Unit_Price                         0
Manufacturing_Site                 0
First_Line_Designation             0
Molecule/Test_Type                 0
Vendor                             0
Project_Code                       0
Sub_Classification                 0
Product_Group                      0
Delivery_Recorded_Date             0
Delivered_to_Client_Date           0
Scheduled_Delivery_Date            0
PO_Sent_to_Vendor_Date             0
PQ_First_Sent_to_Client_Date       0
Vendor_INCO_Term                   0
Fulfill_Via                        0
Managed_By                         0
Country                            0
ASN_DN                             0
PO_SO                              0
PQ                                 0
Days_to_Process                    0
dtype: int64
[2023-09-05 12:57:52,093] 46 root - INFO - Create feature store folder if not available
[2023-09-05 12:57:52,121] 50 root - INFO - Save df to feature store folder
[2023-09-05 12:57:52,527] 54 root - INFO - base df shape-->(10324, 34)
[2023-09-05 12:57:52,527] 56 root - INFO - split dataset into train and test set
[2023-09-05 12:57:52,545] 60 root - INFO - create dataset directory folder if not available
[2023-09-05 12:57:52,545] 65 root - INFO - Save df to feature store folder
[2023-09-05 12:57:52,998] 70 root - INFO - train df shape--->(8259, 34)
[2023-09-05 12:57:52,999] 72 root - INFO - test df shape-->(2065, 34)
[2023-09-05 12:57:52,999] 79 root - INFO - Data ingestion artifact: DataIngestionArtifact(feature_store_file_path='F:\\Shipping_Pricing_Prediction\\artifact\\09052023__125625\\data_ingestion\\feature_store\\clean_SCMS_Delivery_History_Dataset.csv', train_file_path='F:\\Shipping_Pricing_Prediction\\artifact\\09052023__125625\\data_ingestion\\dataset\\train.csv', test_file_path='F:\\Shipping_Pricing_Prediction\\artifact\\09052023__125625\\data_ingestion\\dataset\\test.csv')
[2023-09-05 12:57:53,035] 23 root - INFO - >>>>>>>>>>>>>>>>>>>>>>>>>>>>>>>>>>>>>>>> Data Validation <<<<<<<<<<<<<<<<<<<<<<<<<<<<<<<<<<<<<<<<
[2023-09-05 12:57:53,036] 162 root - INFO - Reading base dataframe
[2023-09-05 12:57:53,171] 164 root - INFO - base_df shape-->(10324, 34)
[2023-09-05 12:57:53,171] 166 root - INFO - Reading train dataframe
[2023-09-05 12:57:53,285] 168 root - INFO - train_df shape-->(8259, 34)
[2023-09-05 12:57:53,286] 170 root - INFO - Reading test data frame
[2023-09-05 12:57:53,321] 172 root - INFO - test_df shape-->(2065, 34)
[2023-09-05 12:57:53,425] 174 root - INFO - Any duplicate records inside base_df ,train_df,test_df(0, 0, 0)
[2023-09-05 12:57:53,425] 177 root - INFO - Dropping duplicate from base_df ,train_df,test_df
[2023-09-05 12:57:53,523] 182 root - INFO - After dropping duplicate 
[2023-09-05 12:57:53,628] 183 root - INFO - Duplicate count in base_df,train_df,test_df-->(0, 0, 0)
[2023-09-05 12:57:53,628] 36 root - INFO -  Columns to drop :['ID', 'Project_Code', 'PQ', 'Managed_By', 'PO_Sent_to_Vendor_Date', 'Product_Group', 'Scheduled_Delivery_Date', 'Delivered_to_Client_Date', 'Delivery_Recorded_Date', 'Vendor', 'Item_Description', 'Molecule/Test_Type', 'Brand', 'Dosage', 'Dosage_Form', 'Manufacturing_Site', 'PQ_First_Sent_to_Client_Date', 'Country', 'Fulfill_Via', 'Vendor_INCO_Term', 'Unit_of_Measure_Per_Pack', 'Shipment_Mode', 'First_Line_Designation', 'Line_Item_Insurance_USD', 'Days_to_Process']
[2023-09-05 12:57:53,632] 41 root - INFO - After dropping columns from df shape of df(10324, 9)
[2023-09-05 12:57:53,632] 36 root - INFO -  Columns to drop :['ID', 'Project_Code', 'PQ', 'Managed_By', 'PO_Sent_to_Vendor_Date', 'Product_Group', 'Scheduled_Delivery_Date', 'Delivered_to_Client_Date', 'Delivery_Recorded_Date', 'Vendor', 'Item_Description', 'Molecule/Test_Type', 'Brand', 'Dosage', 'Dosage_Form', 'Manufacturing_Site', 'PQ_First_Sent_to_Client_Date', 'Country', 'Fulfill_Via', 'Vendor_INCO_Term', 'Unit_of_Measure_Per_Pack', 'Shipment_Mode', 'First_Line_Designation', 'Line_Item_Insurance_USD', 'Days_to_Process']
[2023-09-05 12:57:53,638] 41 root - INFO - After dropping columns from df shape of df(8259, 9)
[2023-09-05 12:57:53,638] 36 root - INFO -  Columns to drop :['ID', 'Project_Code', 'PQ', 'Managed_By', 'PO_Sent_to_Vendor_Date', 'Product_Group', 'Scheduled_Delivery_Date', 'Delivered_to_Client_Date', 'Delivery_Recorded_Date', 'Vendor', 'Item_Description', 'Molecule/Test_Type', 'Brand', 'Dosage', 'Dosage_Form', 'Manufacturing_Site', 'PQ_First_Sent_to_Client_Date', 'Country', 'Fulfill_Via', 'Vendor_INCO_Term', 'Unit_of_Measure_Per_Pack', 'Shipment_Mode', 'First_Line_Designation', 'Line_Item_Insurance_USD', 'Days_to_Process']
[2023-09-05 12:57:53,640] 41 root - INFO - After dropping columns from df shape of df(2065, 9)
[2023-09-05 12:57:53,640] 192 root - INFO - Train dataframe shape after dropping columns: (8259, 9)
[2023-09-05 12:57:53,640] 193 root - INFO - Test dataframe shape after dropping columns: (2065, 9)
[2023-09-05 12:57:53,640] 195 root - INFO - Is all required columns present in train df
[2023-09-05 12:57:53,641] 52 root - INFO - base columnsIndex(['PO_SO', 'ASN_DN', 'Sub_Classification', 'Line_Item_Quantity',
       'Line_Item_Value', 'Pack_Price', 'Unit_Price', 'Weight_Kilograms',
       'Freight_Cost_USD'],
      dtype='object')
[2023-09-05 12:57:53,641] 54 root - INFO - current_columnsIndex(['PO_SO', 'ASN_DN', 'Sub_Classification', 'Line_Item_Quantity',
       'Line_Item_Value', 'Pack_Price', 'Unit_Price', 'Weight_Kilograms',
       'Freight_Cost_USD'],
      dtype='object')
[2023-09-05 12:57:53,641] 197 root - INFO - Is all required columns present in test df
[2023-09-05 12:57:53,641] 52 root - INFO - base columnsIndex(['PO_SO', 'ASN_DN', 'Sub_Classification', 'Line_Item_Quantity',
       'Line_Item_Value', 'Pack_Price', 'Unit_Price', 'Weight_Kilograms',
       'Freight_Cost_USD'],
      dtype='object')
[2023-09-05 12:57:53,642] 54 root - INFO - current_columnsIndex(['PO_SO', 'ASN_DN', 'Sub_Classification', 'Line_Item_Quantity',
       'Line_Item_Value', 'Pack_Price', 'Unit_Price', 'Weight_Kilograms',
       'Freight_Cost_USD'],
      dtype='object')
[2023-09-05 12:57:53,642] 202 root - INFO - As all column are available in train df hence detecting data drift
[2023-09-05 12:57:53,644] 120 root - INFO - Hypothesis Line_Item_Quantity: int64, int64 
[2023-09-05 12:57:53,669] 120 root - INFO - Hypothesis Line_Item_Value: float64, float64 
[2023-09-05 12:57:53,674] 120 root - INFO - Hypothesis Pack_Price: float64, float64 
[2023-09-05 12:57:53,679] 120 root - INFO - Hypothesis Unit_Price: float64, float64 
[2023-09-05 12:57:53,686] 120 root - INFO - Hypothesis Weight_Kilograms: float64, float64 
[2023-09-05 12:57:53,691] 120 root - INFO - Hypothesis Freight_Cost_USD: float64, float64 
[2023-09-05 12:57:53,711] 138 root - INFO - Hypothesis PO_SO: object, object 
[2023-09-05 12:57:53,715] 138 root - INFO - Hypothesis ASN_DN: object, object 
[2023-09-05 12:57:53,719] 138 root - INFO - Hypothesis Sub_Classification: object, object 
[2023-09-05 12:57:53,722] 205 root - INFO - As all column are available in test df hence detecting data drift
[2023-09-05 12:57:53,725] 120 root - INFO - Hypothesis Line_Item_Quantity: int64, int64 
[2023-09-05 12:57:53,730] 120 root - INFO - Hypothesis Line_Item_Value: float64, float64 
[2023-09-05 12:57:53,736] 120 root - INFO - Hypothesis Pack_Price: float64, float64 
[2023-09-05 12:57:53,742] 120 root - INFO - Hypothesis Unit_Price: float64, float64 
[2023-09-05 12:57:53,747] 120 root - INFO - Hypothesis Weight_Kilograms: float64, float64 
[2023-09-05 12:57:53,752] 120 root - INFO - Hypothesis Freight_Cost_USD: float64, float64 
[2023-09-05 12:57:53,756] 138 root - INFO - Hypothesis PO_SO: object, object 
[2023-09-05 12:57:53,760] 138 root - INFO - Hypothesis ASN_DN: object, object 
[2023-09-05 12:57:53,763] 138 root - INFO - Hypothesis Sub_Classification: object, object 
[2023-09-05 12:57:53,767] 211 root - INFO - Saving validated train and test dataframe
[2023-09-05 12:57:53,948] 218 root - INFO - Write reprt in yaml file
[2023-09-05 12:57:53,970] 228 root - INFO - Data validation artifact: DataValidationArtifact(report_file_path='F:\\Shipping_Pricing_Prediction\\artifact\\09052023__125625\\data_validation\\report.yaml', validated_train_file_path='F:\\Shipping_Pricing_Prediction\\artifact\\09052023__125625\\data_validation\\validated_train.csv', validated_test_file_path='F:\\Shipping_Pricing_Prediction\\artifact\\09052023__125625\\data_validation\\validated_test.csv')
[2023-09-05 12:57:53,971] 25 root - INFO - >>>>>>>>>>>>>>>>>>>>>>>>>>>>>>>>>>>>>>>> Data Transformation <<<<<<<<<<<<<<<<<<<<<<<<<<<<<<<<<<<<<<<<
[2023-09-05 12:57:53,971] 69 root - INFO - Loading validated train and test file path
[2023-09-05 12:57:53,971] 73 root - INFO - Loading train and test dataframes from validation
[2023-09-05 12:57:54,001] 77 root - INFO - Shape of Train df: (8259, 9)
[2023-09-05 12:57:54,001] 78 root - INFO - Shape of Test df: (2065, 9)
[2023-09-05 12:57:54,001] 80 root - INFO - Train df columns: ['PO_SO', 'ASN_DN', 'Sub_Classification', 'Line_Item_Quantity', 'Line_Item_Value', 'Pack_Price', 'Unit_Price', 'Weight_Kilograms', 'Freight_Cost_USD']
[2023-09-05 12:57:54,002] 81 root - INFO - Test df columns: ['PO_SO', 'ASN_DN', 'Sub_Classification', 'Line_Item_Quantity', 'Line_Item_Value', 'Pack_Price', 'Unit_Price', 'Weight_Kilograms', 'Freight_Cost_USD']
[2023-09-05 12:57:54,004] 87 root - INFO - Input feature train df and test df shape: ((8259, 8), (2065, 8))
[2023-09-05 12:57:54,005] 88 root - INFO - Input_feature_train_df_columns: ['PO_SO', 'ASN_DN', 'Sub_Classification', 'Line_Item_Quantity', 'Pack_Price', 'Unit_Price', 'Weight_Kilograms', 'Freight_Cost_USD']
[2023-09-05 12:57:54,005] 89 root - INFO - Input_feature_test_df_columns: ['PO_SO', 'ASN_DN', 'Sub_Classification', 'Line_Item_Quantity', 'Pack_Price', 'Unit_Price', 'Weight_Kilograms', 'Freight_Cost_USD']
[2023-09-05 12:57:54,005] 95 root - INFO - Shape of target feature in train and test: ((8259,), (2065,))
[2023-09-05 12:57:54,006] 96 root - INFO - Before applying log transformation on target features
[2023-09-05 12:57:54,007] 105 root - INFO - After reshaping: ((8259, 1), (2065, 1))
[2023-09-05 12:57:54,007] 108 root - INFO - Getting transformation object from pipeline
[2023-09-05 12:57:54,007] 39 root - INFO - Applying categorical transformer
[2023-09-05 12:57:54,007] 45 root - INFO - Applying numerical transformer
[2023-09-05 12:57:54,007] 112 root - INFO - Fitting transformers on train data
[2023-09-05 12:57:54,059] 116 root - INFO - Transforming train and test data using fitted transformers
[2023-09-05 12:57:54,120] 120 root - INFO - Shape of input feature train and test arr: ((8259, 13), (2065, 13))
[2023-09-05 12:57:54,120] 123 root - INFO - Concatenating input feature with target feature in train and test
[2023-09-05 12:57:54,123] 131 root - INFO - shape of combined input and target feature in train and test((8259, 14), (2065, 14))
[2023-09-05 12:57:54,123] 134 root - INFO - Saving transformed train array data
[2023-09-05 12:57:54,178] 138 root - INFO - Saving transformed test array data
[2023-09-05 12:57:54,184] 142 root - INFO - Saving transformer object 
[2023-09-05 12:57:54,185] 78 root - INFO - Entered the save_object method of utils
[2023-09-05 12:57:54,200] 82 root - INFO - Exited the save_object method of utils
[2023-09-05 12:57:54,200] 151 root - INFO - Data transformation object DataTransformationArtifact(transform_object_path='F:\\Shipping_Pricing_Prediction\\artifact\\09052023__125625\\data_transformation\\transformer\\transformer.pkl', transformed_train_path='F:\\Shipping_Pricing_Prediction\\artifact\\09052023__125625\\data_transformation\\transformed\\train.npz', transformed_test_path='F:\\Shipping_Pricing_Prediction\\artifact\\09052023__125625\\data_transformation\\transformed\\test.npz')
[2023-09-05 12:57:54,202] 17 root - INFO - >>>>>>>>>>>>>>>>>>>>>>>>>>>>>>>>>>>>>>>> Model Trainer <<<<<<<<<<<<<<<<<<<<<<<<<<<<<<<<<<<<<<<<
[2023-09-05 12:57:54,202] 35 root - INFO - loading train and test numpy array for model training 
[2023-09-05 12:57:54,206] 39 root - INFO - Loaded train arr shape: (8259, 14)
[2023-09-05 12:57:54,206] 40 root - INFO - Loaded test arr shape: (2065, 14)
[2023-09-05 12:57:54,207] 45 root - INFO - Shape of X_train, X_test ---> (8259, 13), (2065, 13)
[2023-09-05 12:57:54,207] 47 root - INFO - Train the model
[2023-09-05 12:57:54,733] 50 root - INFO - Calculating r2-score train
[2023-09-05 12:57:54,745] 54 root - INFO - Calculating r2_score test
[2023-09-05 12:57:54,749] 58 root - INFO - Train and test r2 score--->(0.9981169355299775, 0.9976818751081841)
[2023-09-05 12:57:54,750] 60 root - INFO - Calculating MSE train score
[2023-09-05 12:57:54,751] 63 root - INFO - Calculating MSE test score
[2023-09-05 12:57:54,752] 66 root - INFO - Train and test MSE score ---->(0.012727894003525184, 0.014989829759869401)
[2023-09-05 12:57:54,752] 77 root - INFO - Adjusted R2 score for train dataset: 0.9981
[2023-09-05 12:57:54,752] 78 root - INFO - Adjusted R2 score for test dataset: 0.9977
[2023-09-05 12:57:54,753] 80 root - INFO - Checking if our model is underfitting or not
[2023-09-05 12:57:54,753] 84 root - INFO - Checking if our model is overfiiting or not
[2023-09-05 12:57:54,753] 89 root - INFO - Saving trained model
[2023-09-05 12:57:54,753] 78 root - INFO - Entered the save_object method of utils
[2023-09-05 12:57:54,792] 82 root - INFO - Exited the save_object method of utils
[2023-09-05 12:57:54,792] 92 root - INFO - Prepare the artifact
[2023-09-05 12:57:54,792] 101 root - INFO - Model trainer artifact: ModelTrainerArtifact(model_path='F:\\Shipping_Pricing_Prediction\\artifact\\09052023__125625\\model_trainer\\model\\model.pkl', r2_score_train=0.9981169355299775, r2_score_test=0.9976818751081841, adjusted_r2_score_train=0.9981139664774474, adjusted_r2_score_test=0.9976671819713758, mse_train=0.012727894003525184, mse_test=0.014989829759869401)
[2023-09-05 12:57:54,793] 20 root - INFO - >>>>>>>>>>>>>>>>>>>>>>>>>>>>>>>>>>>>>>>>  Model Evaluation <<<<<<<<<<<<<<<<<<<<<<<<<<<<<<<<<<<<<<<<
[2023-09-05 12:57:54,794] 32 root - INFO - If the saved model folder has a model, then we will compare which model is best trained or the model from the saved model folder.
[2023-09-05 12:57:54,794] 23 root - INFO - dir _name:[]
[2023-09-05 12:57:54,794] 39 root - INFO - Model evaluation artifact: ModelEvaluationArtifact(is_model_accepted=True, is_accuracy_improved=None)
[2023-09-05 12:57:54,794] 14 root - INFO - >>>>>>>>>>>>>>>>>>>>>>>>>>>>>>>>>>>>>>>> Model Pusher <<<<<<<<<<<<<<<<<<<<<<<<<<<<<<<<<<<<<<<<
[2023-09-05 12:57:54,795] 27 root - INFO - Loading transformer model and target encoder
[2023-09-05 12:57:54,808] 32 root - INFO - Saving model into model pusher directory
[2023-09-05 12:57:54,808] 78 root - INFO - Entered the save_object method of utils
[2023-09-05 12:57:54,821] 82 root - INFO - Exited the save_object method of utils
[2023-09-05 12:57:54,821] 78 root - INFO - Entered the save_object method of utils
[2023-09-05 12:57:54,839] 82 root - INFO - Exited the save_object method of utils
[2023-09-05 12:57:54,840] 38 root - INFO - Saving model in saved model dir
[2023-09-05 12:57:54,840] 23 root - INFO - dir _name:[]
[2023-09-05 12:57:54,841] 23 root - INFO - dir _name:[]
[2023-09-05 12:57:54,841] 78 root - INFO - Entered the save_object method of utils
[2023-09-05 12:57:54,882] 82 root - INFO - Exited the save_object method of utils
[2023-09-05 12:57:54,882] 78 root - INFO - Entered the save_object method of utils
[2023-09-05 12:57:54,893] 82 root - INFO - Exited the save_object method of utils
[2023-09-05 12:57:54,893] 47 root - INFO - Model pusher artifact: ModelPusherArtifact(pusher_model_dir='F:\\Shipping_Pricing_Prediction\\artifact\\09052023__125625\\model_pusher\\saved_models', saved_model_dir='saved_models')
[2023-09-05 12:57:54,895] 15 root - INFO - Creating model resolver object
[2023-09-05 12:57:54,896] 17 root - INFO - Reading file: clean_SCMS_Delivery_History_Dataset.csv
[2023-09-05 12:57:55,056] 20 root - INFO - Loading transformer to transform dataset
[2023-09-05 12:57:55,056] 23 root - INFO - dir _name:['0']
[2023-09-05 12:57:55,056] 28 root - INFO - latest dir names:0
[2023-09-05 12:57:55,062] 24 root - INFO - Input feature names: ['PO_SO', 'ASN_DN', 'Sub_Classification', 'Line_Item_Quantity', 'Pack_Price', 'Unit_Price', 'Weight_Kilograms', 'Freight_Cost_USD']
[2023-09-05 12:57:55,092] 27 root - INFO - Shape of input_arr before reshaping: (10324, 13)
[2023-09-05 12:57:55,111] 30 root - INFO - First few rows of input_arr: [[ 1.          0.          0.          0.          1.          0.
   0.          0.         -0.18055724  0.98992443  2.025      -0.57588548
  -0.4359044 ]
 [ 1.          0.          0.          0.          0.          0.
   0.          1.         -0.1211387  -0.15869018 -0.325      -0.44925674
   0.15837906]
 [ 1.          0.          0.          0.          1.          0.
   0.          0.         -0.15142338  3.55919395  1.6        -0.51789319
  -0.29715841]
 [ 1.          0.          0.          1.          0.          0.
   0.          0.          1.75166566 -0.27002519 -0.225       0.10020187
   1.98286087]
 [ 1.          0.          0.          1.          0.          0.
   0.          0.          2.11992732 -0.30982368 -0.275       2.20517526
   6.65988615]]
[2023-09-05 12:57:55,111] 34 root - INFO - num_features: 13
[2023-09-05 12:57:55,111] 36 root - INFO - input_arr_reshaped_shape: (10324, 13)
[2023-09-05 12:57:55,111] 38 root - INFO - Loading model to make prediction
[2023-09-05 12:57:55,112] 23 root - INFO - dir _name:['0']
[2023-09-05 12:57:55,112] 28 root - INFO - latest dir names:0
[2023-09-05 12:57:55,117] 42 root - INFO - Shape of input_arr_reshaped before prediction: (10324, 13)
[2023-09-05 12:57:55,131] 48 root - INFO - Shape of prediction before inverse transformation: (10324,)
