[2023-09-05 12:36:25,689] 15 root - INFO - >>>>>>>>>>>>>>>>>>>>>>>>>>>>>>>>>>>>>>>> Data Ingestion <<<<<<<<<<<<<<<<<<<<<<<<<<<<<<<<<<<<<<<<
[2023-09-05 12:36:25,690] 23 root - INFO - Exporting collection data as pandas dataframe
[2023-09-05 12:36:25,690] 28 root - INFO - Reading data from database: clean_Logistic and collection: clean_shipping_data
[2023-09-05 12:36:47,259] 32 root - INFO - Dropping column: _id
[2023-09-05 12:36:47,287] 34 root - INFO - Columns in dataframe : Index(['ID', 'Project_Code', 'PQ', 'PO_SO', 'ASN_DN', 'Country', 'Managed_By',
       'Fulfill_Via', 'Vendor_INCO_Term', 'Shipment_Mode',
       'PQ_First_Sent_to_Client_Date', 'PO_Sent_to_Vendor_Date',
       'Scheduled_Delivery_Date', 'Delivered_to_Client_Date',
       'Delivery_Recorded_Date', 'Product_Group', 'Sub_Classification',
       'Vendor', 'Item_Description', 'Molecule/Test_Type', 'Brand', 'Dosage',
       'Dosage_Form', 'Unit_of_Measure_Per_Pack', 'Line_Item_Quantity',
       'Line_Item_Value', 'Pack_Price', 'Unit_Price', 'Manufacturing_Site',
       'First_Line_Designation', 'Weight_Kilograms', 'Freight_Cost_USD',
       'Line_Item_Insurance_USD', 'Days_to_Process'],
      dtype='object')
[2023-09-05 12:36:47,289] 35 root - INFO - >>>>>>>>>>>>>>>>>>>>>>>>>>>>>>>>>>>>>>>>*<<<<<<<<<<<<<<<<<<<<<<<<<<<<<<<<<<<<<<<<
[2023-09-05 12:36:47,289] 37 root - INFO -  ID : int64
[2023-09-05 12:36:47,290] 37 root - INFO -  Project_Code : object
[2023-09-05 12:36:47,290] 37 root - INFO -  PQ : object
[2023-09-05 12:36:47,291] 37 root - INFO -  PO_SO : object
[2023-09-05 12:36:47,291] 37 root - INFO -  ASN_DN : object
[2023-09-05 12:36:47,291] 37 root - INFO -  Country : object
[2023-09-05 12:36:47,292] 37 root - INFO -  Managed_By : object
[2023-09-05 12:36:47,292] 37 root - INFO -  Fulfill_Via : object
[2023-09-05 12:36:47,292] 37 root - INFO -  Vendor_INCO_Term : object
[2023-09-05 12:36:47,293] 37 root - INFO -  Shipment_Mode : object
[2023-09-05 12:36:47,294] 37 root - INFO -  PQ_First_Sent_to_Client_Date : object
[2023-09-05 12:36:47,295] 37 root - INFO -  PO_Sent_to_Vendor_Date : object
[2023-09-05 12:36:47,295] 37 root - INFO -  Scheduled_Delivery_Date : object
[2023-09-05 12:36:47,296] 37 root - INFO -  Delivered_to_Client_Date : object
[2023-09-05 12:36:47,296] 37 root - INFO -  Delivery_Recorded_Date : object
[2023-09-05 12:36:47,296] 37 root - INFO -  Product_Group : object
[2023-09-05 12:36:47,296] 37 root - INFO -  Sub_Classification : object
[2023-09-05 12:36:47,297] 37 root - INFO -  Vendor : object
[2023-09-05 12:36:47,297] 37 root - INFO -  Item_Description : object
[2023-09-05 12:36:47,297] 37 root - INFO -  Molecule/Test_Type : object
[2023-09-05 12:36:47,298] 37 root - INFO -  Brand : object
[2023-09-05 12:36:47,298] 37 root - INFO -  Dosage : object
[2023-09-05 12:36:47,298] 37 root - INFO -  Dosage_Form : object
[2023-09-05 12:36:47,299] 37 root - INFO -  Unit_of_Measure_Per_Pack : int64
[2023-09-05 12:36:47,299] 37 root - INFO -  Line_Item_Quantity : int64
[2023-09-05 12:36:47,299] 37 root - INFO -  Line_Item_Value : float64
[2023-09-05 12:36:47,299] 37 root - INFO -  Pack_Price : float64
[2023-09-05 12:36:47,300] 37 root - INFO -  Unit_Price : float64
[2023-09-05 12:36:47,300] 37 root - INFO -  Manufacturing_Site : object
[2023-09-05 12:36:47,300] 37 root - INFO -  First_Line_Designation : object
[2023-09-05 12:36:47,300] 37 root - INFO -  Weight_Kilograms : float64
[2023-09-05 12:36:47,300] 37 root - INFO -  Freight_Cost_USD : float64
[2023-09-05 12:36:47,301] 37 root - INFO -  Line_Item_Insurance_USD : float64
[2023-09-05 12:36:47,301] 37 root - INFO -  Days_to_Process : int64
[2023-09-05 12:36:47,302] 29 root - INFO -  Shape of df (10324, 34)
[2023-09-05 12:36:47,302] 31 root - INFO - Save data in feature store
[2023-09-05 12:36:47,403] 34 root - INFO - Any duplicate records:0
[2023-09-05 12:36:47,403] 37 root - INFO - Dropping duplicate record
[2023-09-05 12:36:47,535] 40 root - INFO -  Rechecking any duplicate record or not
[2023-09-05 12:36:47,637] 41 root - INFO - Duplicate record :0
[2023-09-05 12:36:47,683] 44 root - INFO - Any missing value inside datasetFreight_Cost_USD                2445
Dosage                          1736
Weight_Kilograms                1507
Shipment_Mode                    360
Line_Item_Insurance_USD          287
ID                                 0
Line_Item_Quantity                 0
Brand                              0
Dosage_Form                        0
Unit_of_Measure_Per_Pack           0
Pack_Price                         0
Line_Item_Value                    0
Item_Description                   0
Unit_Price                         0
Manufacturing_Site                 0
First_Line_Designation             0
Molecule/Test_Type                 0
Vendor                             0
Project_Code                       0
Sub_Classification                 0
Product_Group                      0
Delivery_Recorded_Date             0
Delivered_to_Client_Date           0
Scheduled_Delivery_Date            0
PO_Sent_to_Vendor_Date             0
PQ_First_Sent_to_Client_Date       0
Vendor_INCO_Term                   0
Fulfill_Via                        0
Managed_By                         0
Country                            0
ASN_DN                             0
PO_SO                              0
PQ                                 0
Days_to_Process                    0
dtype: int64
[2023-09-05 12:36:47,683] 46 root - INFO - Create feature store folder if not available
[2023-09-05 12:36:47,699] 50 root - INFO - Save df to feature store folder
[2023-09-05 12:36:48,030] 54 root - INFO - base df shape-->(10324, 34)
[2023-09-05 12:36:48,030] 56 root - INFO - split dataset into train and test set
[2023-09-05 12:36:48,049] 60 root - INFO - create dataset directory folder if not available
[2023-09-05 12:36:48,050] 65 root - INFO - Save df to feature store folder
[2023-09-05 12:36:49,153] 70 root - INFO - train df shape--->(8259, 34)
[2023-09-05 12:36:49,154] 72 root - INFO - test df shape-->(2065, 34)
[2023-09-05 12:36:49,154] 79 root - INFO - Data ingestion artifact: DataIngestionArtifact(feature_store_file_path='F:\\Shipping_Pricing_Prediction\\artifact\\09052023__123625\\data_ingestion\\feature_store\\clean_SCMS_Delivery_History_Dataset.csv', train_file_path='F:\\Shipping_Pricing_Prediction\\artifact\\09052023__123625\\data_ingestion\\dataset\\train.csv', test_file_path='F:\\Shipping_Pricing_Prediction\\artifact\\09052023__123625\\data_ingestion\\dataset\\test.csv')
[2023-09-05 12:36:49,321] 23 root - INFO - >>>>>>>>>>>>>>>>>>>>>>>>>>>>>>>>>>>>>>>> Data Validation <<<<<<<<<<<<<<<<<<<<<<<<<<<<<<<<<<<<<<<<
[2023-09-05 12:36:49,322] 162 root - INFO - Reading base dataframe
[2023-09-05 12:36:49,611] 164 root - INFO - base_df shape-->(10324, 34)
[2023-09-05 12:36:49,611] 166 root - INFO - Reading train dataframe
[2023-09-05 12:36:49,776] 168 root - INFO - train_df shape-->(8259, 34)
[2023-09-05 12:36:49,776] 170 root - INFO - Reading test data frame
[2023-09-05 12:36:49,823] 172 root - INFO - test_df shape-->(2065, 34)
[2023-09-05 12:36:49,934] 174 root - INFO - Any duplicate records inside base_df ,train_df,test_df(0, 0, 0)
[2023-09-05 12:36:49,934] 177 root - INFO - Dropping duplicate from base_df ,train_df,test_df
[2023-09-05 12:36:50,040] 182 root - INFO - After dropping duplicate 
[2023-09-05 12:36:50,159] 183 root - INFO - Duplicate count in base_df,train_df,test_df-->(0, 0, 0)
[2023-09-05 12:36:50,159] 36 root - INFO -  Columns to drop :['ID', 'Project_Code', 'PQ', 'Managed_By', 'PO_Sent_to_Vendor_Date', 'Product_Group', 'Scheduled_Delivery_Date', 'Delivered_to_Client_Date', 'Delivery_Recorded_Date', 'Vendor', 'Item_Description', 'Molecule/Test_Type', 'Brand', 'Dosage', 'Dosage_Form', 'Manufacturing_Site', 'PQ_First_Sent_to_Client_Date', 'Country', 'Fulfill_Via', 'Vendor_INCO_Term', 'Unit_of_Measure_Per_Pack', 'Shipment_Mode', 'First_Line_Designation', 'Line_Item_Insurance_USD', 'Days_to_Process']
[2023-09-05 12:36:50,162] 41 root - INFO - After dropping columns from df shape of df(10324, 9)
[2023-09-05 12:36:50,162] 36 root - INFO -  Columns to drop :['ID', 'Project_Code', 'PQ', 'Managed_By', 'PO_Sent_to_Vendor_Date', 'Product_Group', 'Scheduled_Delivery_Date', 'Delivered_to_Client_Date', 'Delivery_Recorded_Date', 'Vendor', 'Item_Description', 'Molecule/Test_Type', 'Brand', 'Dosage', 'Dosage_Form', 'Manufacturing_Site', 'PQ_First_Sent_to_Client_Date', 'Country', 'Fulfill_Via', 'Vendor_INCO_Term', 'Unit_of_Measure_Per_Pack', 'Shipment_Mode', 'First_Line_Designation', 'Line_Item_Insurance_USD', 'Days_to_Process']
[2023-09-05 12:36:50,166] 41 root - INFO - After dropping columns from df shape of df(8259, 9)
[2023-09-05 12:36:50,166] 36 root - INFO -  Columns to drop :['ID', 'Project_Code', 'PQ', 'Managed_By', 'PO_Sent_to_Vendor_Date', 'Product_Group', 'Scheduled_Delivery_Date', 'Delivered_to_Client_Date', 'Delivery_Recorded_Date', 'Vendor', 'Item_Description', 'Molecule/Test_Type', 'Brand', 'Dosage', 'Dosage_Form', 'Manufacturing_Site', 'PQ_First_Sent_to_Client_Date', 'Country', 'Fulfill_Via', 'Vendor_INCO_Term', 'Unit_of_Measure_Per_Pack', 'Shipment_Mode', 'First_Line_Designation', 'Line_Item_Insurance_USD', 'Days_to_Process']
[2023-09-05 12:36:50,168] 41 root - INFO - After dropping columns from df shape of df(2065, 9)
[2023-09-05 12:36:50,168] 192 root - INFO - Train dataframe shape after dropping columns: (8259, 9)
[2023-09-05 12:36:50,168] 193 root - INFO - Test dataframe shape after dropping columns: (2065, 9)
[2023-09-05 12:36:50,169] 195 root - INFO - Is all required columns present in train df
[2023-09-05 12:36:50,169] 52 root - INFO - base columnsIndex(['PO_SO', 'ASN_DN', 'Sub_Classification', 'Line_Item_Quantity',
       'Line_Item_Value', 'Pack_Price', 'Unit_Price', 'Weight_Kilograms',
       'Freight_Cost_USD'],
      dtype='object')
[2023-09-05 12:36:50,169] 54 root - INFO - current_columnsIndex(['PO_SO', 'ASN_DN', 'Sub_Classification', 'Line_Item_Quantity',
       'Line_Item_Value', 'Pack_Price', 'Unit_Price', 'Weight_Kilograms',
       'Freight_Cost_USD'],
      dtype='object')
[2023-09-05 12:36:50,169] 197 root - INFO - Is all required columns present in test df
[2023-09-05 12:36:50,170] 52 root - INFO - base columnsIndex(['PO_SO', 'ASN_DN', 'Sub_Classification', 'Line_Item_Quantity',
       'Line_Item_Value', 'Pack_Price', 'Unit_Price', 'Weight_Kilograms',
       'Freight_Cost_USD'],
      dtype='object')
[2023-09-05 12:36:50,170] 54 root - INFO - current_columnsIndex(['PO_SO', 'ASN_DN', 'Sub_Classification', 'Line_Item_Quantity',
       'Line_Item_Value', 'Pack_Price', 'Unit_Price', 'Weight_Kilograms',
       'Freight_Cost_USD'],
      dtype='object')
[2023-09-05 12:36:50,170] 202 root - INFO - As all column are available in train df hence detecting data drift
[2023-09-05 12:36:50,173] 120 root - INFO - Hypothesis Line_Item_Quantity: int64, int64 
[2023-09-05 12:36:50,196] 120 root - INFO - Hypothesis Line_Item_Value: float64, float64 
[2023-09-05 12:36:50,201] 120 root - INFO - Hypothesis Pack_Price: float64, float64 
[2023-09-05 12:36:50,220] 120 root - INFO - Hypothesis Unit_Price: float64, float64 
[2023-09-05 12:36:50,240] 120 root - INFO - Hypothesis Weight_Kilograms: float64, float64 
[2023-09-05 12:36:50,262] 120 root - INFO - Hypothesis Freight_Cost_USD: float64, float64 
[2023-09-05 12:36:50,281] 138 root - INFO - Hypothesis PO_SO: object, object 
[2023-09-05 12:36:50,286] 138 root - INFO - Hypothesis ASN_DN: object, object 
[2023-09-05 12:36:50,290] 138 root - INFO - Hypothesis Sub_Classification: object, object 
[2023-09-05 12:36:50,293] 205 root - INFO - As all column are available in test df hence detecting data drift
[2023-09-05 12:36:50,296] 120 root - INFO - Hypothesis Line_Item_Quantity: int64, int64 
[2023-09-05 12:36:50,301] 120 root - INFO - Hypothesis Line_Item_Value: float64, float64 
[2023-09-05 12:36:50,304] 120 root - INFO - Hypothesis Pack_Price: float64, float64 
[2023-09-05 12:36:50,308] 120 root - INFO - Hypothesis Unit_Price: float64, float64 
[2023-09-05 12:36:50,311] 120 root - INFO - Hypothesis Weight_Kilograms: float64, float64 
[2023-09-05 12:36:50,315] 120 root - INFO - Hypothesis Freight_Cost_USD: float64, float64 
[2023-09-05 12:36:50,319] 138 root - INFO - Hypothesis PO_SO: object, object 
[2023-09-05 12:36:50,322] 138 root - INFO - Hypothesis ASN_DN: object, object 
[2023-09-05 12:36:50,325] 138 root - INFO - Hypothesis Sub_Classification: object, object 
[2023-09-05 12:36:50,329] 211 root - INFO - Saving validated train and test dataframe
[2023-09-05 12:36:50,422] 218 root - INFO - Write reprt in yaml file
[2023-09-05 12:36:50,450] 228 root - INFO - Data validation artifact: DataValidationArtifact(report_file_path='F:\\Shipping_Pricing_Prediction\\artifact\\09052023__123625\\data_validation\\report.yaml', validated_train_file_path='F:\\Shipping_Pricing_Prediction\\artifact\\09052023__123625\\data_validation\\validated_train.csv', validated_test_file_path='F:\\Shipping_Pricing_Prediction\\artifact\\09052023__123625\\data_validation\\validated_test.csv')
[2023-09-05 12:36:50,451] 25 root - INFO - >>>>>>>>>>>>>>>>>>>>>>>>>>>>>>>>>>>>>>>> Data Transformation <<<<<<<<<<<<<<<<<<<<<<<<<<<<<<<<<<<<<<<<
[2023-09-05 12:36:50,451] 69 root - INFO - Loading validated train and test file path
[2023-09-05 12:36:50,451] 73 root - INFO - Loading train and test dataframes from validation
[2023-09-05 12:36:50,480] 77 root - INFO - Shape of Train df: (8259, 9)
[2023-09-05 12:36:50,480] 78 root - INFO - Shape of Test df: (2065, 9)
[2023-09-05 12:36:50,480] 80 root - INFO - Train df columns: ['PO_SO', 'ASN_DN', 'Sub_Classification', 'Line_Item_Quantity', 'Line_Item_Value', 'Pack_Price', 'Unit_Price', 'Weight_Kilograms', 'Freight_Cost_USD']
[2023-09-05 12:36:50,480] 81 root - INFO - Test df columns: ['PO_SO', 'ASN_DN', 'Sub_Classification', 'Line_Item_Quantity', 'Line_Item_Value', 'Pack_Price', 'Unit_Price', 'Weight_Kilograms', 'Freight_Cost_USD']
[2023-09-05 12:36:50,483] 87 root - INFO - Input feature train df and test df shape: ((8259, 8), (2065, 8))
[2023-09-05 12:36:50,484] 88 root - INFO - Input_feature_train_df_columns: ['PO_SO', 'ASN_DN', 'Sub_Classification', 'Line_Item_Quantity', 'Pack_Price', 'Unit_Price', 'Weight_Kilograms', 'Freight_Cost_USD']
[2023-09-05 12:36:50,484] 89 root - INFO - Input_feature_test_df_columns: ['PO_SO', 'ASN_DN', 'Sub_Classification', 'Line_Item_Quantity', 'Pack_Price', 'Unit_Price', 'Weight_Kilograms', 'Freight_Cost_USD']
[2023-09-05 12:36:50,484] 95 root - INFO - Shape of target feature in train and test: ((8259,), (2065,))
[2023-09-05 12:36:50,484] 96 root - INFO - Before applying log transformation on target features
[2023-09-05 12:36:50,485] 105 root - INFO - After reshaping: ((8259, 1), (2065, 1))
[2023-09-05 12:36:50,486] 108 root - INFO - Getting transformation object from pipeline
[2023-09-05 12:36:50,486] 39 root - INFO - Applying categorical transformer
[2023-09-05 12:36:50,486] 45 root - INFO - Applying numerical transformer
[2023-09-05 12:36:50,486] 112 root - INFO - Fitting transformers on train data
[2023-09-05 12:36:50,542] 116 root - INFO - Transforming train and test data using fitted transformers
[2023-09-05 12:36:50,586] 120 root - INFO - Shape of input feature train and test arr: ((8259, 13), (2065, 13))
[2023-09-05 12:36:50,587] 123 root - INFO - Concatenating input feature with target feature in train and test
[2023-09-05 12:36:50,590] 131 root - INFO - shape of combined input and target feature in train and test((8259, 14), (2065, 14))
[2023-09-05 12:36:50,591] 134 root - INFO - Saving transformed train array data
[2023-09-05 12:36:50,595] 138 root - INFO - Saving transformed test array data
[2023-09-05 12:36:50,597] 142 root - INFO - Saving transformer object 
[2023-09-05 12:36:50,597] 78 root - INFO - Entered the save_object method of utils
[2023-09-05 12:36:50,605] 82 root - INFO - Exited the save_object method of utils
[2023-09-05 12:36:50,606] 151 root - INFO - Data transformation object DataTransformationArtifact(transform_object_path='F:\\Shipping_Pricing_Prediction\\artifact\\09052023__123625\\data_transformation\\transformer\\transformer.pkl', transformed_train_path='F:\\Shipping_Pricing_Prediction\\artifact\\09052023__123625\\data_transformation\\transformed\\train.npz', transformed_test_path='F:\\Shipping_Pricing_Prediction\\artifact\\09052023__123625\\data_transformation\\transformed\\test.npz')
[2023-09-05 12:36:50,609] 17 root - INFO - >>>>>>>>>>>>>>>>>>>>>>>>>>>>>>>>>>>>>>>> Model Trainer <<<<<<<<<<<<<<<<<<<<<<<<<<<<<<<<<<<<<<<<
[2023-09-05 12:36:50,609] 35 root - INFO - loading train and test numpy array for model training 
[2023-09-05 12:36:50,611] 39 root - INFO - Loaded train arr shape: (8259, 14)
[2023-09-05 12:36:50,612] 40 root - INFO - Loaded test arr shape: (2065, 14)
[2023-09-05 12:36:50,612] 45 root - INFO - Shape of X_train, X_test ---> (8259, 13), (2065, 13)
[2023-09-05 12:36:50,612] 47 root - INFO - Train the model
[2023-09-05 12:36:52,804] 50 root - INFO - Calculating r2-score train
[2023-09-05 12:36:52,821] 54 root - INFO - Calculating r2_score test
[2023-09-05 12:36:52,826] 58 root - INFO - Train and test r2 score--->(0.9981811155787383, 0.9976138908414135)
[2023-09-05 12:36:52,826] 60 root - INFO - Calculating MSE train score
[2023-09-05 12:36:52,828] 63 root - INFO - Calculating MSE test score
[2023-09-05 12:36:52,829] 66 root - INFO - Train and test MSE score ---->(0.012075202838132175, 0.016576514537554005)
[2023-09-05 12:36:52,830] 77 root - INFO - Adjusted R2 score for train dataset: 0.9982
[2023-09-05 12:36:52,830] 78 root - INFO - Adjusted R2 score for test dataset: 0.9976
[2023-09-05 12:36:52,830] 80 root - INFO - Checking if our model is underfitting or not
[2023-09-05 12:36:52,830] 84 root - INFO - Checking if our model is overfiiting or not
[2023-09-05 12:36:52,830] 89 root - INFO - Saving trained model
[2023-09-05 12:36:52,830] 78 root - INFO - Entered the save_object method of utils
[2023-09-05 12:36:52,882] 82 root - INFO - Exited the save_object method of utils
[2023-09-05 12:36:52,882] 92 root - INFO - Prepare the artifact
[2023-09-05 12:36:52,883] 101 root - INFO - Model trainer artifact: ModelTrainerArtifact(model_path='F:\\Shipping_Pricing_Prediction\\artifact\\09052023__123625\\model_trainer\\model\\model.pkl', r2_score_train=0.9981811155787383, r2_score_test=0.9976138908414135, adjusted_r2_score_train=0.9981782477197357, adjusted_r2_score_test=0.9975987667950645, mse_train=0.012075202838132175, mse_test=0.016576514537554005)
[2023-09-05 12:36:52,883] 20 root - INFO - >>>>>>>>>>>>>>>>>>>>>>>>>>>>>>>>>>>>>>>>  Model Evaluation <<<<<<<<<<<<<<<<<<<<<<<<<<<<<<<<<<<<<<<<
[2023-09-05 12:36:52,884] 32 root - INFO - If the saved model folder has a model, then we will compare which model is best trained or the model from the saved model folder.
[2023-09-05 12:36:52,885] 23 root - INFO - dir _name:['0']
[2023-09-05 12:36:52,885] 28 root - INFO - latest dir names:0
[2023-09-05 12:36:52,885] 43 root - INFO - Finding location of transformer model
[2023-09-05 12:36:52,885] 23 root - INFO - dir _name:['0']
[2023-09-05 12:36:52,885] 28 root - INFO - latest dir names:0
[2023-09-05 12:36:52,886] 23 root - INFO - dir _name:['0']
[2023-09-05 12:36:52,887] 28 root - INFO - latest dir names:0
[2023-09-05 12:36:52,887] 48 root - INFO - Loading previous trained model
[2023-09-05 12:36:52,903] 53 root - INFO - Loading currently trained model
[2023-09-05 12:36:52,919] 58 root - INFO - Loading test df for prediction
[2023-09-05 12:36:52,930] 60 root - INFO - Test df shape (2065, 9)
[2023-09-05 12:36:52,931] 62 root - INFO - Target_df shape (2065,)
[2023-09-05 12:36:52,931] 65 root - INFO - Transforming input features using the previous trained transformer
[2023-09-05 12:36:52,956] 70 root - INFO - Predicting and calculating R-squared score for the previous trained model
[2023-09-05 12:36:52,964] 73 root - INFO - R2 score using the previous trained model: -0.22970917975379002
[2023-09-05 12:36:52,964] 76 root - INFO - Transforming input features using the current trained transformer
[2023-09-05 12:36:52,988] 81 root - INFO - Predicting and calculating R-squared score for the currently trained model
[2023-09-05 12:36:52,995] 84 root - INFO - R2 score using the current trained model: -0.22970918621188674
[2023-09-05 12:36:52,998] 94 root - INFO - Previous trained model MSE: 142870278859.34793
[2023-09-05 12:36:53,000] 96 root - INFO - Currently trained model MSE: 142870278859.34793
[2023-09-05 12:36:53,001] 102 root - INFO - Previous model adjusted_r2_score is -0.23750353340410668
[2023-09-05 12:36:53,001] 104 root - INFO - Currently trained model adjusted r2_score is -0.2375035399031371
[2023-09-05 12:36:53,001] 117 root - INFO - Model evaluation artifact: ModelEvaluationArtifact(is_model_accepted=True, is_accuracy_improved=-6.499030424933494e-09)
[2023-09-05 12:36:53,002] 14 root - INFO - >>>>>>>>>>>>>>>>>>>>>>>>>>>>>>>>>>>>>>>> Model Pusher <<<<<<<<<<<<<<<<<<<<<<<<<<<<<<<<<<<<<<<<
[2023-09-05 12:36:53,002] 27 root - INFO - Loading transformer model and target encoder
[2023-09-05 12:36:53,016] 32 root - INFO - Saving model into model pusher directory
[2023-09-05 12:36:53,017] 78 root - INFO - Entered the save_object method of utils
[2023-09-05 12:36:53,046] 82 root - INFO - Exited the save_object method of utils
[2023-09-05 12:36:53,046] 78 root - INFO - Entered the save_object method of utils
[2023-09-05 12:36:53,057] 82 root - INFO - Exited the save_object method of utils
[2023-09-05 12:36:53,057] 38 root - INFO - Saving model in saved model dir
[2023-09-05 12:36:53,062] 23 root - INFO - dir _name:['0']
[2023-09-05 12:36:53,062] 28 root - INFO - latest dir names:0
[2023-09-05 12:36:53,066] 23 root - INFO - dir _name:['0']
[2023-09-05 12:36:53,066] 28 root - INFO - latest dir names:0
[2023-09-05 12:36:53,068] 23 root - INFO - dir _name:['0']
[2023-09-05 12:36:53,069] 28 root - INFO - latest dir names:0
[2023-09-05 12:36:53,070] 23 root - INFO - dir _name:['0']
[2023-09-05 12:36:53,070] 28 root - INFO - latest dir names:0
[2023-09-05 12:36:53,070] 78 root - INFO - Entered the save_object method of utils
[2023-09-05 12:36:53,091] 82 root - INFO - Exited the save_object method of utils
[2023-09-05 12:36:53,091] 78 root - INFO - Entered the save_object method of utils
[2023-09-05 12:36:53,100] 82 root - INFO - Exited the save_object method of utils
[2023-09-05 12:36:53,101] 47 root - INFO - Model pusher artifact: ModelPusherArtifact(pusher_model_dir='F:\\Shipping_Pricing_Prediction\\artifact\\09052023__123625\\model_pusher\\saved_models', saved_model_dir='saved_models')
